mode: set
github.com/ethereum/go-ethereum/governance/admission.go:38.106,46.2 1 1
github.com/ethereum/go-ethereum/governance/admission.go:49.118,54.55 3 1
github.com/ethereum/go-ethereum/governance/admission.go:54.55,64.3 3 1
github.com/ethereum/go-ethereum/governance/admission.go:67.2,68.16 2 1
github.com/ethereum/go-ethereum/governance/admission.go:68.16,78.3 3 0
github.com/ethereum/go-ethereum/governance/admission.go:81.2,81.33 1 1
github.com/ethereum/go-ethereum/governance/admission.go:81.33,91.3 3 1
github.com/ethereum/go-ethereum/governance/admission.go:94.2,94.40 1 1
github.com/ethereum/go-ethereum/governance/admission.go:94.40,104.3 3 1
github.com/ethereum/go-ethereum/governance/admission.go:107.2,108.16 2 1
github.com/ethereum/go-ethereum/governance/admission.go:108.16,118.3 3 0
github.com/ethereum/go-ethereum/governance/admission.go:121.2,121.77 1 1
github.com/ethereum/go-ethereum/governance/admission.go:121.77,124.31 2 0
github.com/ethereum/go-ethereum/governance/admission.go:124.31,134.4 3 0
github.com/ethereum/go-ethereum/governance/admission.go:138.2,148.18 3 1
github.com/ethereum/go-ethereum/governance/admission.go:152.100,157.13 4 1
github.com/ethereum/go-ethereum/governance/admission.go:157.13,159.3 1 0
github.com/ethereum/go-ethereum/governance/admission.go:161.2,162.25 2 1
github.com/ethereum/go-ethereum/governance/admission.go:166.98,171.13 4 1
github.com/ethereum/go-ethereum/governance/admission.go:171.13,177.3 2 1
github.com/ethereum/go-ethereum/governance/admission.go:179.2,182.12 3 1
github.com/ethereum/go-ethereum/governance/admission.go:186.81,191.13 4 0
github.com/ethereum/go-ethereum/governance/admission.go:191.13,193.3 1 0
github.com/ethereum/go-ethereum/governance/admission.go:195.2,197.12 2 0
github.com/ethereum/go-ethereum/governance/admission.go:201.99,207.2 4 1
github.com/ethereum/go-ethereum/governance/admission.go:210.100,216.2 4 1
github.com/ethereum/go-ethereum/governance/admission.go:219.91,224.13 4 1
github.com/ethereum/go-ethereum/governance/admission.go:224.13,226.3 1 0
github.com/ethereum/go-ethereum/governance/admission.go:228.2,231.12 3 1
github.com/ethereum/go-ethereum/governance/admission.go:235.116,240.77 3 1
github.com/ethereum/go-ethereum/governance/admission.go:240.77,241.41 1 1
github.com/ethereum/go-ethereum/governance/admission.go:241.41,243.4 1 1
github.com/ethereum/go-ethereum/governance/admission.go:246.2,249.12 3 1
github.com/ethereum/go-ethereum/governance/admission.go:258.71,262.2 1 0
github.com/ethereum/go-ethereum/governance/admission.go:265.62,267.2 1 0
github.com/ethereum/go-ethereum/governance/admission.go:270.79,272.16 2 0
github.com/ethereum/go-ethereum/governance/admission.go:272.16,274.3 1 0
github.com/ethereum/go-ethereum/governance/admission.go:275.2,275.35 1 0
github.com/ethereum/go-ethereum/governance/admission.go:279.78,281.16 2 0
github.com/ethereum/go-ethereum/governance/admission.go:281.16,283.3 1 0
github.com/ethereum/go-ethereum/governance/admission.go:284.2,284.33 1 0
github.com/ethereum/go-ethereum/governance/bootstrap_contract.go:52.115,60.2 1 1
github.com/ethereum/go-ethereum/governance/bootstrap_contract.go:68.9,73.23 3 1
github.com/ethereum/go-ethereum/governance/bootstrap_contract.go:73.23,75.3 1 1
github.com/ethereum/go-ethereum/governance/bootstrap_contract.go:78.2,78.38 1 1
github.com/ethereum/go-ethereum/governance/bootstrap_contract.go:78.38,80.3 1 1
github.com/ethereum/go-ethereum/governance/bootstrap_contract.go:83.2,83.55 1 1
github.com/ethereum/go-ethereum/governance/bootstrap_contract.go:83.55,85.3 1 1
github.com/ethereum/go-ethereum/governance/bootstrap_contract.go:88.2,89.47 2 1
github.com/ethereum/go-ethereum/governance/bootstrap_contract.go:89.47,91.3 1 0
github.com/ethereum/go-ethereum/governance/bootstrap_contract.go:94.2,94.59 1 1
github.com/ethereum/go-ethereum/governance/bootstrap_contract.go:94.59,96.3 1 1
github.com/ethereum/go-ethereum/governance/bootstrap_contract.go:99.2,99.39 1 1
github.com/ethereum/go-ethereum/governance/bootstrap_contract.go:99.39,102.3 2 0
github.com/ethereum/go-ethereum/governance/bootstrap_contract.go:105.2,110.39 4 1
github.com/ethereum/go-ethereum/governance/bootstrap_contract.go:110.39,112.3 1 1
github.com/ethereum/go-ethereum/governance/bootstrap_contract.go:114.2,114.12 1 1
github.com/ethereum/go-ethereum/governance/bootstrap_contract.go:118.66,122.2 3 1
github.com/ethereum/go-ethereum/governance/bootstrap_contract.go:125.54,129.2 3 0
github.com/ethereum/go-ethereum/governance/bootstrap_contract.go:132.55,136.2 3 1
github.com/ethereum/go-ethereum/governance/bootstrap_contract.go:139.64,144.32 4 1
github.com/ethereum/go-ethereum/governance/bootstrap_contract.go:144.32,146.3 1 1
github.com/ethereum/go-ethereum/governance/bootstrap_contract.go:147.2,147.17 1 1
github.com/ethereum/go-ethereum/governance/progressive_permission.go:31.105,36.2 1 1
github.com/ethereum/go-ethereum/governance/progressive_permission.go:39.117,44.13 4 1
github.com/ethereum/go-ethereum/governance/progressive_permission.go:44.13,46.3 1 1
github.com/ethereum/go-ethereum/governance/progressive_permission.go:48.2,48.26 1 1
github.com/ethereum/go-ethereum/governance/progressive_permission.go:52.135,57.13 4 1
github.com/ethereum/go-ethereum/governance/progressive_permission.go:57.13,68.3 3 0
github.com/ethereum/go-ethereum/governance/progressive_permission.go:71.2,77.27 3 1
github.com/ethereum/go-ethereum/governance/progressive_permission.go:78.23,81.105 2 1
github.com/ethereum/go-ethereum/governance/progressive_permission.go:81.105,85.4 3 1
github.com/ethereum/go-ethereum/governance/progressive_permission.go:87.26,90.128 2 1
github.com/ethereum/go-ethereum/governance/progressive_permission.go:90.128,94.4 3 1
github.com/ethereum/go-ethereum/governance/progressive_permission.go:97.2,97.33 1 1
github.com/ethereum/go-ethereum/governance/progressive_permission.go:101.91,102.23 1 1
github.com/ethereum/go-ethereum/governance/progressive_permission.go:102.23,104.3 1 0
github.com/ethereum/go-ethereum/governance/progressive_permission.go:106.2,107.33 2 1
github.com/ethereum/go-ethereum/governance/progressive_permission.go:107.33,109.3 1 1
github.com/ethereum/go-ethereum/governance/progressive_permission.go:111.2,111.36 1 1
github.com/ethereum/go-ethereum/governance/progressive_permission.go:115.86,120.13 4 1
github.com/ethereum/go-ethereum/governance/progressive_permission.go:120.13,122.3 1 0
github.com/ethereum/go-ethereum/governance/progressive_permission.go:125.2,126.41 2 1
github.com/ethereum/go-ethereum/governance/progressive_permission.go:130.103,135.13 4 1
github.com/ethereum/go-ethereum/governance/progressive_permission.go:135.13,137.3 1 1
github.com/ethereum/go-ethereum/governance/progressive_permission.go:139.2,143.24 4 1
github.com/ethereum/go-ethereum/governance/progressive_permission.go:147.95,151.50 3 1
github.com/ethereum/go-ethereum/governance/progressive_permission.go:151.50,153.3 1 0
github.com/ethereum/go-ethereum/governance/progressive_permission.go:155.2,162.32 2 1
github.com/ethereum/go-ethereum/governance/types.go:168.48,176.2 1 1
github.com/ethereum/go-ethereum/governance/types.go:186.56,192.2 1 0
github.com/ethereum/go-ethereum/governance/types.go:202.66,208.2 1 0
github.com/ethereum/go-ethereum/governance/types.go:219.44,226.2 1 1
github.com/ethereum/go-ethereum/governance/types.go:237.72,244.2 1 1
github.com/ethereum/go-ethereum/governance/upgrade_mode.go:43.95,48.2 1 1
github.com/ethereum/go-ethereum/governance/upgrade_mode.go:52.57,57.34 3 1
github.com/ethereum/go-ethereum/governance/upgrade_mode.go:57.34,58.69 1 1
github.com/ethereum/go-ethereum/governance/upgrade_mode.go:58.69,60.4 1 1
github.com/ethereum/go-ethereum/governance/upgrade_mode.go:63.2,63.24 1 1
github.com/ethereum/go-ethereum/governance/upgrade_mode.go:70.55,75.34 3 1
github.com/ethereum/go-ethereum/governance/upgrade_mode.go:75.34,76.69 1 1
github.com/ethereum/go-ethereum/governance/upgrade_mode.go:76.69,78.4 1 1
github.com/ethereum/go-ethereum/governance/upgrade_mode.go:82.2,82.22 1 1
github.com/ethereum/go-ethereum/governance/upgrade_mode.go:82.22,84.3 1 1
github.com/ethereum/go-ethereum/governance/upgrade_mode.go:87.2,89.88 3 1
github.com/ethereum/go-ethereum/governance/upgrade_mode.go:89.88,90.66 1 1
github.com/ethereum/go-ethereum/governance/upgrade_mode.go:90.66,92.4 1 1
github.com/ethereum/go-ethereum/governance/upgrade_mode.go:95.2,95.14 1 1
github.com/ethereum/go-ethereum/governance/upgrade_mode.go:100.54,102.25 2 1
github.com/ethereum/go-ethereum/governance/upgrade_mode.go:102.25,104.3 1 0
github.com/ethereum/go-ethereum/governance/upgrade_mode.go:107.2,108.27 2 1
github.com/ethereum/go-ethereum/governance/upgrade_mode.go:108.27,110.69 2 1
github.com/ethereum/go-ethereum/governance/upgrade_mode.go:110.69,111.65 1 1
github.com/ethereum/go-ethereum/governance/upgrade_mode.go:111.65,113.5 1 1
github.com/ethereum/go-ethereum/governance/upgrade_mode.go:117.2,117.24 1 1
github.com/ethereum/go-ethereum/governance/upgrade_mode.go:117.24,119.3 1 0
github.com/ethereum/go-ethereum/governance/upgrade_mode.go:121.2,121.50 1 1
github.com/ethereum/go-ethereum/governance/upgrade_mode.go:126.64,128.27 1 1
github.com/ethereum/go-ethereum/governance/upgrade_mode.go:128.27,130.3 1 1
github.com/ethereum/go-ethereum/governance/upgrade_mode.go:133.2,133.56 1 1
github.com/ethereum/go-ethereum/governance/upgrade_mode.go:138.86,141.51 1 1
github.com/ethereum/go-ethereum/governance/upgrade_mode.go:141.51,143.3 1 1
github.com/ethereum/go-ethereum/governance/upgrade_mode.go:144.2,144.14 1 1
github.com/ethereum/go-ethereum/governance/upgrade_mode.go:149.79,150.36 1 0
github.com/ethereum/go-ethereum/governance/upgrade_mode.go:150.36,152.3 1 0
github.com/ethereum/go-ethereum/governance/upgrade_mode.go:153.2,153.12 1 0
github.com/ethereum/go-ethereum/governance/validator_manager.go:34.83,39.2 1 1
github.com/ethereum/go-ethereum/governance/validator_manager.go:42.95,47.13 4 1
github.com/ethereum/go-ethereum/governance/validator_manager.go:47.13,49.3 1 0
github.com/ethereum/go-ethereum/governance/validator_manager.go:51.2,53.28 3 1
github.com/ethereum/go-ethereum/governance/validator_manager.go:57.73,62.34 4 0
github.com/ethereum/go-ethereum/governance/validator_manager.go:62.34,66.3 3 0
github.com/ethereum/go-ethereum/governance/validator_manager.go:68.2,68.19 1 0
github.com/ethereum/go-ethereum/governance/validator_manager.go:72.74,77.34 4 1
github.com/ethereum/go-ethereum/governance/validator_manager.go:77.34,78.67 1 1
github.com/ethereum/go-ethereum/governance/validator_manager.go:78.67,82.4 3 1
github.com/ethereum/go-ethereum/governance/validator_manager.go:85.2,85.23 1 1
github.com/ethereum/go-ethereum/governance/validator_manager.go:89.79,94.34 4 1
github.com/ethereum/go-ethereum/governance/validator_manager.go:94.34,95.72 1 1
github.com/ethereum/go-ethereum/governance/validator_manager.go:95.72,99.4 3 1
github.com/ethereum/go-ethereum/governance/validator_manager.go:102.2,102.28 1 1
github.com/ethereum/go-ethereum/governance/validator_manager.go:106.75,111.13 4 1
github.com/ethereum/go-ethereum/governance/validator_manager.go:111.13,113.3 1 1
github.com/ethereum/go-ethereum/governance/validator_manager.go:115.2,115.50 1 1
github.com/ethereum/go-ethereum/governance/validator_manager.go:119.81,124.13 4 0
github.com/ethereum/go-ethereum/governance/validator_manager.go:124.13,126.3 1 0
github.com/ethereum/go-ethereum/governance/validator_manager.go:128.2,128.23 1 0
github.com/ethereum/go-ethereum/governance/validator_manager.go:132.87,137.46 3 1
github.com/ethereum/go-ethereum/governance/validator_manager.go:137.46,139.3 1 1
github.com/ethereum/go-ethereum/governance/validator_manager.go:141.2,142.13 2 1
github.com/ethereum/go-ethereum/governance/validator_manager.go:142.13,152.3 2 1
github.com/ethereum/go-ethereum/governance/validator_manager.go:155.2,157.12 2 1
github.com/ethereum/go-ethereum/governance/validator_manager.go:161.89,166.13 4 1
github.com/ethereum/go-ethereum/governance/validator_manager.go:166.13,168.3 1 0
github.com/ethereum/go-ethereum/governance/validator_manager.go:171.2,171.43 1 1
github.com/ethereum/go-ethereum/governance/validator_manager.go:171.43,173.3 1 1
github.com/ethereum/go-ethereum/governance/validator_manager.go:176.2,179.61 2 1
github.com/ethereum/go-ethereum/governance/validator_manager.go:179.61,181.3 1 0
github.com/ethereum/go-ethereum/governance/validator_manager.go:183.2,183.12 1 1
github.com/ethereum/go-ethereum/governance/validator_manager.go:187.89,192.13 4 0
github.com/ethereum/go-ethereum/governance/validator_manager.go:192.13,194.3 1 0
github.com/ethereum/go-ethereum/governance/validator_manager.go:196.2,196.47 1 0
github.com/ethereum/go-ethereum/governance/validator_manager.go:196.47,198.3 1 0
github.com/ethereum/go-ethereum/governance/validator_manager.go:202.2,204.21 2 0
github.com/ethereum/go-ethereum/governance/validator_manager.go:208.85,213.13 4 1
github.com/ethereum/go-ethereum/governance/validator_manager.go:213.13,215.3 1 0
github.com/ethereum/go-ethereum/governance/validator_manager.go:218.2,225.61 4 1
github.com/ethereum/go-ethereum/governance/validator_manager.go:225.61,227.3 1 0
github.com/ethereum/go-ethereum/governance/validator_manager.go:229.2,229.12 1 1
github.com/ethereum/go-ethereum/governance/validator_manager.go:233.103,238.13 4 1
github.com/ethereum/go-ethereum/governance/validator_manager.go:238.13,240.3 1 0
github.com/ethereum/go-ethereum/governance/validator_manager.go:242.2,244.12 2 1
github.com/ethereum/go-ethereum/governance/validator_manager.go:248.76,255.2 5 1
github.com/ethereum/go-ethereum/governance/validator_manager.go:258.74,262.54 3 1
github.com/ethereum/go-ethereum/governance/validator_manager.go:262.54,264.3 1 1
github.com/ethereum/go-ethereum/governance/voting_manager.go:37.108,44.2 1 1
github.com/ethereum/go-ethereum/governance/voting_manager.go:47.90,71.2 15 1
github.com/ethereum/go-ethereum/governance/voting_manager.go:74.123,80.13 4 1
github.com/ethereum/go-ethereum/governance/voting_manager.go:80.13,82.3 1 0
github.com/ethereum/go-ethereum/governance/voting_manager.go:85.2,85.46 1 1
github.com/ethereum/go-ethereum/governance/voting_manager.go:85.46,87.3 1 0
github.com/ethereum/go-ethereum/governance/voting_manager.go:90.2,90.39 1 1
github.com/ethereum/go-ethereum/governance/voting_manager.go:90.39,92.3 1 1
github.com/ethereum/go-ethereum/governance/voting_manager.go:95.2,96.34 2 1
github.com/ethereum/go-ethereum/governance/voting_manager.go:96.34,97.23 1 1
github.com/ethereum/go-ethereum/governance/voting_manager.go:97.23,99.4 1 1
github.com/ethereum/go-ethereum/governance/voting_manager.go:103.2,103.24 1 1
github.com/ethereum/go-ethereum/governance/voting_manager.go:103.24,109.61 5 1
github.com/ethereum/go-ethereum/governance/voting_manager.go:109.61,111.4 1 0
github.com/ethereum/go-ethereum/governance/voting_manager.go:115.2,118.26 4 1
github.com/ethereum/go-ethereum/governance/voting_manager.go:118.26,120.3 1 1
github.com/ethereum/go-ethereum/governance/voting_manager.go:123.2,134.32 3 1
github.com/ethereum/go-ethereum/governance/voting_manager.go:134.32,135.14 1 1
github.com/ethereum/go-ethereum/governance/voting_manager.go:135.14,137.4 1 1
github.com/ethereum/go-ethereum/governance/voting_manager.go:137.9,139.4 1 1
github.com/ethereum/go-ethereum/governance/voting_manager.go:140.8,141.14 1 1
github.com/ethereum/go-ethereum/governance/voting_manager.go:141.14,143.4 1 0
github.com/ethereum/go-ethereum/governance/voting_manager.go:143.9,145.4 1 1
github.com/ethereum/go-ethereum/governance/voting_manager.go:148.2,148.12 1 1
github.com/ethereum/go-ethereum/governance/voting_manager.go:152.105,157.13 4 1
github.com/ethereum/go-ethereum/governance/voting_manager.go:157.13,159.3 1 0
github.com/ethereum/go-ethereum/governance/voting_manager.go:162.2,162.46 1 1
github.com/ethereum/go-ethereum/governance/voting_manager.go:162.46,164.3 1 0
github.com/ethereum/go-ethereum/governance/voting_manager.go:167.2,167.42 1 1
github.com/ethereum/go-ethereum/governance/voting_manager.go:167.42,169.3 1 0
github.com/ethereum/go-ethereum/governance/voting_manager.go:172.2,176.35 4 1
github.com/ethereum/go-ethereum/governance/voting_manager.go:176.35,178.3 1 1
github.com/ethereum/go-ethereum/governance/voting_manager.go:179.2,179.40 1 1
github.com/ethereum/go-ethereum/governance/voting_manager.go:179.40,181.3 1 1
github.com/ethereum/go-ethereum/governance/voting_manager.go:184.2,187.30 2 1
github.com/ethereum/go-ethereum/governance/voting_manager.go:187.30,189.59 2 1
github.com/ethereum/go-ethereum/governance/voting_manager.go:189.59,191.4 1 1
github.com/ethereum/go-ethereum/governance/voting_manager.go:195.2,195.45 1 1
github.com/ethereum/go-ethereum/governance/voting_manager.go:195.45,198.46 3 1
github.com/ethereum/go-ethereum/governance/voting_manager.go:198.46,200.4 1 1
github.com/ethereum/go-ethereum/governance/voting_manager.go:204.2,204.12 1 1
github.com/ethereum/go-ethereum/governance/voting_manager.go:204.12,206.3 1 1
github.com/ethereum/go-ethereum/governance/voting_manager.go:206.8,208.3 1 1
github.com/ethereum/go-ethereum/governance/voting_manager.go:210.2,210.12 1 1
github.com/ethereum/go-ethereum/governance/voting_manager.go:214.80,219.13 4 1
github.com/ethereum/go-ethereum/governance/voting_manager.go:219.13,221.3 1 0
github.com/ethereum/go-ethereum/governance/voting_manager.go:224.2,224.47 1 1
github.com/ethereum/go-ethereum/governance/voting_manager.go:224.47,226.3 1 1
github.com/ethereum/go-ethereum/governance/voting_manager.go:229.2,229.45 1 1
github.com/ethereum/go-ethereum/governance/voting_manager.go:229.45,231.3 1 0
github.com/ethereum/go-ethereum/governance/voting_manager.go:234.2,236.12 2 1
github.com/ethereum/go-ethereum/governance/voting_manager.go:240.89,245.13 4 1
github.com/ethereum/go-ethereum/governance/voting_manager.go:245.13,247.3 1 0
github.com/ethereum/go-ethereum/governance/voting_manager.go:249.2,250.27 2 1
github.com/ethereum/go-ethereum/governance/voting_manager.go:254.92,259.13 4 1
github.com/ethereum/go-ethereum/governance/voting_manager.go:259.13,261.3 1 0
github.com/ethereum/go-ethereum/governance/voting_manager.go:263.2,264.26 2 1
github.com/ethereum/go-ethereum/governance/voting_manager.go:264.26,267.3 2 1
github.com/ethereum/go-ethereum/governance/voting_manager.go:269.2,269.23 1 1
github.com/ethereum/go-ethereum/governance/voting_manager.go:273.67,278.33 4 1
github.com/ethereum/go-ethereum/governance/voting_manager.go:278.33,279.76 1 1
github.com/ethereum/go-ethereum/governance/voting_manager.go:279.76,282.4 2 1
github.com/ethereum/go-ethereum/governance/voting_manager.go:285.2,285.15 1 1
github.com/ethereum/go-ethereum/governance/voting_manager.go:289.33,290.7 1 1
github.com/ethereum/go-ethereum/governance/voting_manager.go:290.7,292.3 1 1
github.com/ethereum/go-ethereum/governance/voting_manager.go:293.2,293.18 1 0
github.com/ethereum/go-ethereum/governance/whitelist_manager.go:34.107,40.2 1 1
github.com/ethereum/go-ethereum/governance/whitelist_manager.go:43.72,48.13 4 1
github.com/ethereum/go-ethereum/governance/whitelist_manager.go:48.13,50.3 1 1
github.com/ethereum/go-ethereum/governance/whitelist_manager.go:53.2,53.71 1 1
github.com/ethereum/go-ethereum/governance/whitelist_manager.go:57.92,62.13 4 1
github.com/ethereum/go-ethereum/governance/whitelist_manager.go:62.13,64.3 1 1
github.com/ethereum/go-ethereum/governance/whitelist_manager.go:66.2,66.30 1 1
github.com/ethereum/go-ethereum/governance/whitelist_manager.go:70.91,75.13 4 1
github.com/ethereum/go-ethereum/governance/whitelist_manager.go:75.13,77.3 1 1
github.com/ethereum/go-ethereum/governance/whitelist_manager.go:80.2,81.24 2 1
github.com/ethereum/go-ethereum/governance/whitelist_manager.go:85.71,90.35 4 1
github.com/ethereum/go-ethereum/governance/whitelist_manager.go:90.35,93.3 2 1
github.com/ethereum/go-ethereum/governance/whitelist_manager.go:95.2,95.16 1 1
github.com/ethereum/go-ethereum/governance/whitelist_manager.go:99.130,104.12 4 1
github.com/ethereum/go-ethereum/governance/whitelist_manager.go:104.12,106.3 1 0
github.com/ethereum/go-ethereum/governance/whitelist_manager.go:109.2,116.43 2 1
github.com/ethereum/go-ethereum/governance/whitelist_manager.go:120.132,125.13 4 1
github.com/ethereum/go-ethereum/governance/whitelist_manager.go:125.13,127.3 1 0
github.com/ethereum/go-ethereum/governance/whitelist_manager.go:130.2,137.43 2 1
github.com/ethereum/go-ethereum/governance/whitelist_manager.go:141.144,146.13 4 1
github.com/ethereum/go-ethereum/governance/whitelist_manager.go:146.13,148.3 1 0
github.com/ethereum/go-ethereum/governance/whitelist_manager.go:150.2,150.39 1 1
github.com/ethereum/go-ethereum/governance/whitelist_manager.go:150.39,152.3 1 1
github.com/ethereum/go-ethereum/governance/whitelist_manager.go:155.2,166.43 5 1
github.com/ethereum/go-ethereum/governance/whitelist_manager.go:170.69,176.2 4 1
github.com/ethereum/go-ethereum/governance/whitelist_manager.go:179.69,183.52 3 1
github.com/ethereum/go-ethereum/governance/whitelist_manager.go:183.52,185.3 1 1
