mode: set
github.com/ethereum/go-ethereum/core/vm/analysis_legacy.go:33.37,35.2 1 1
github.com/ethereum/go-ethereum/core/vm/analysis_legacy.go:37.50,40.31 3 1
github.com/ethereum/go-ethereum/core/vm/analysis_legacy.go:40.31,42.3 1 0
github.com/ethereum/go-ethereum/core/vm/analysis_legacy.go:45.37,49.2 3 1
github.com/ethereum/go-ethereum/core/vm/analysis_legacy.go:51.38,56.2 4 1
github.com/ethereum/go-ethereum/core/vm/analysis_legacy.go:59.50,61.2 1 1
github.com/ethereum/go-ethereum/core/vm/analysis_legacy.go:64.37,70.2 2 1
github.com/ethereum/go-ethereum/core/vm/analysis_legacy.go:75.51,76.47 1 1
github.com/ethereum/go-ethereum/core/vm/analysis_legacy.go:76.47,79.29 3 1
github.com/ethereum/go-ethereum/core/vm/analysis_legacy.go:79.29,80.12 1 1
github.com/ethereum/go-ethereum/core/vm/analysis_legacy.go:82.3,83.19 2 1
github.com/ethereum/go-ethereum/core/vm/analysis_legacy.go:83.19,84.39 1 1
github.com/ethereum/go-ethereum/core/vm/analysis_legacy.go:84.39,87.5 2 1
github.com/ethereum/go-ethereum/core/vm/analysis_legacy.go:88.4,88.37 1 1
github.com/ethereum/go-ethereum/core/vm/analysis_legacy.go:88.37,91.5 2 1
github.com/ethereum/go-ethereum/core/vm/analysis_legacy.go:93.3,93.18 1 1
github.com/ethereum/go-ethereum/core/vm/analysis_legacy.go:94.10,96.11 2 1
github.com/ethereum/go-ethereum/core/vm/analysis_legacy.go:97.10,99.11 2 1
github.com/ethereum/go-ethereum/core/vm/analysis_legacy.go:100.10,102.11 2 1
github.com/ethereum/go-ethereum/core/vm/analysis_legacy.go:103.10,105.11 2 0
github.com/ethereum/go-ethereum/core/vm/analysis_legacy.go:106.10,108.11 2 0
github.com/ethereum/go-ethereum/core/vm/analysis_legacy.go:109.10,111.11 2 0
github.com/ethereum/go-ethereum/core/vm/analysis_legacy.go:112.10,114.11 2 0
github.com/ethereum/go-ethereum/core/vm/analysis_legacy.go:117.2,117.13 1 1
github.com/ethereum/go-ethereum/core/vm/common.go:28.56,29.19 1 1
github.com/ethereum/go-ethereum/core/vm/common.go:29.19,31.3 1 0
github.com/ethereum/go-ethereum/core/vm/common.go:32.2,32.47 1 1
github.com/ethereum/go-ethereum/core/vm/common.go:38.78,40.19 1 1
github.com/ethereum/go-ethereum/core/vm/common.go:40.19,42.3 1 1
github.com/ethereum/go-ethereum/core/vm/common.go:44.2,45.14 2 1
github.com/ethereum/go-ethereum/core/vm/common.go:45.14,47.3 1 1
github.com/ethereum/go-ethereum/core/vm/common.go:48.2,50.28 2 1
github.com/ethereum/go-ethereum/core/vm/common.go:55.61,57.20 2 1
github.com/ethereum/go-ethereum/core/vm/common.go:57.20,59.3 1 1
github.com/ethereum/go-ethereum/core/vm/common.go:60.2,61.18 2 1
github.com/ethereum/go-ethereum/core/vm/common.go:61.18,63.3 1 1
github.com/ethereum/go-ethereum/core/vm/common.go:64.2,64.57 1 1
github.com/ethereum/go-ethereum/core/vm/common.go:67.137,69.20 2 0
github.com/ethereum/go-ethereum/core/vm/common.go:69.20,71.3 1 0
github.com/ethereum/go-ethereum/core/vm/common.go:72.2,73.18 2 0
github.com/ethereum/go-ethereum/core/vm/common.go:73.18,75.3 1 0
github.com/ethereum/go-ethereum/core/vm/common.go:76.2,76.77 1 0
github.com/ethereum/go-ethereum/core/vm/common.go:80.37,81.30 1 1
github.com/ethereum/go-ethereum/core/vm/common.go:81.30,83.3 1 0
github.com/ethereum/go-ethereum/core/vm/common.go:85.2,85.25 1 1
github.com/ethereum/go-ethereum/core/vm/contract.go:50.132,52.22 1 1
github.com/ethereum/go-ethereum/core/vm/contract.go:52.22,54.3 1 1
github.com/ethereum/go-ethereum/core/vm/contract.go:55.2,61.3 1 1
github.com/ethereum/go-ethereum/core/vm/contract.go:64.58,68.46 2 1
github.com/ethereum/go-ethereum/core/vm/contract.go:68.46,70.3 1 0
github.com/ethereum/go-ethereum/core/vm/contract.go:72.2,72.39 1 1
github.com/ethereum/go-ethereum/core/vm/contract.go:72.39,74.3 1 0
github.com/ethereum/go-ethereum/core/vm/contract.go:75.2,75.24 1 1
github.com/ethereum/go-ethereum/core/vm/contract.go:80.46,82.23 1 1
github.com/ethereum/go-ethereum/core/vm/contract.go:82.23,84.3 1 0
github.com/ethereum/go-ethereum/core/vm/contract.go:88.2,88.35 1 1
github.com/ethereum/go-ethereum/core/vm/contract.go:88.35,91.13 2 0
github.com/ethereum/go-ethereum/core/vm/contract.go:91.13,96.4 2 0
github.com/ethereum/go-ethereum/core/vm/contract.go:98.3,99.37 2 0
github.com/ethereum/go-ethereum/core/vm/contract.go:105.2,105.23 1 1
github.com/ethereum/go-ethereum/core/vm/contract.go:105.23,107.3 1 1
github.com/ethereum/go-ethereum/core/vm/contract.go:108.2,108.38 1 1
github.com/ethereum/go-ethereum/core/vm/contract.go:112.43,113.29 1 1
github.com/ethereum/go-ethereum/core/vm/contract.go:113.29,115.3 1 1
github.com/ethereum/go-ethereum/core/vm/contract.go:117.2,117.13 1 1
github.com/ethereum/go-ethereum/core/vm/contract.go:124.44,126.2 1 0
github.com/ethereum/go-ethereum/core/vm/contract.go:129.104,130.17 1 1
github.com/ethereum/go-ethereum/core/vm/contract.go:130.17,132.3 1 0
github.com/ethereum/go-ethereum/core/vm/contract.go:133.2,133.86 1 1
github.com/ethereum/go-ethereum/core/vm/contract.go:133.86,135.3 1 0
github.com/ethereum/go-ethereum/core/vm/contract.go:136.2,137.13 2 1
github.com/ethereum/go-ethereum/core/vm/contract.go:141.97,142.14 1 1
github.com/ethereum/go-ethereum/core/vm/contract.go:142.14,144.3 1 1
github.com/ethereum/go-ethereum/core/vm/contract.go:145.2,145.86 1 1
github.com/ethereum/go-ethereum/core/vm/contract.go:145.86,147.3 1 0
github.com/ethereum/go-ethereum/core/vm/contract.go:148.2,148.14 1 1
github.com/ethereum/go-ethereum/core/vm/contract.go:152.45,154.2 1 1
github.com/ethereum/go-ethereum/core/vm/contract.go:157.41,159.2 1 0
github.com/ethereum/go-ethereum/core/vm/contract.go:162.63,165.2 2 1
github.com/ethereum/go-ethereum/core/vm/contracts.go:206.13,207.47 1 1
github.com/ethereum/go-ethereum/core/vm/contracts.go:207.47,209.3 1 1
github.com/ethereum/go-ethereum/core/vm/contracts.go:210.2,210.47 1 1
github.com/ethereum/go-ethereum/core/vm/contracts.go:210.47,212.3 1 1
github.com/ethereum/go-ethereum/core/vm/contracts.go:213.2,213.46 1 1
github.com/ethereum/go-ethereum/core/vm/contracts.go:213.46,215.3 1 1
github.com/ethereum/go-ethereum/core/vm/contracts.go:216.2,216.44 1 1
github.com/ethereum/go-ethereum/core/vm/contracts.go:216.44,218.3 1 1
github.com/ethereum/go-ethereum/core/vm/contracts.go:219.2,219.44 1 1
github.com/ethereum/go-ethereum/core/vm/contracts.go:219.44,221.3 1 1
github.com/ethereum/go-ethereum/core/vm/contracts.go:222.2,222.44 1 1
github.com/ethereum/go-ethereum/core/vm/contracts.go:222.44,224.3 1 1
github.com/ethereum/go-ethereum/core/vm/contracts.go:225.2,225.43 1 1
github.com/ethereum/go-ethereum/core/vm/contracts.go:225.43,227.3 1 1
github.com/ethereum/go-ethereum/core/vm/contracts.go:230.74,231.9 1 1
github.com/ethereum/go-ethereum/core/vm/contracts.go:232.22,233.36 1 0
github.com/ethereum/go-ethereum/core/vm/contracts.go:234.21,235.35 1 0
github.com/ethereum/go-ethereum/core/vm/contracts.go:236.22,237.36 1 0
github.com/ethereum/go-ethereum/core/vm/contracts.go:238.22,239.36 1 0
github.com/ethereum/go-ethereum/core/vm/contracts.go:240.22,241.36 1 1
github.com/ethereum/go-ethereum/core/vm/contracts.go:242.24,243.38 1 0
github.com/ethereum/go-ethereum/core/vm/contracts.go:244.25,245.39 1 0
github.com/ethereum/go-ethereum/core/vm/contracts.go:246.10,247.39 1 1
github.com/ethereum/go-ethereum/core/vm/contracts.go:252.74,254.2 1 0
github.com/ethereum/go-ethereum/core/vm/contracts.go:257.61,258.9 1 0
github.com/ethereum/go-ethereum/core/vm/contracts.go:259.21,260.35 1 0
github.com/ethereum/go-ethereum/core/vm/contracts.go:261.22,262.36 1 0
github.com/ethereum/go-ethereum/core/vm/contracts.go:263.22,264.36 1 0
github.com/ethereum/go-ethereum/core/vm/contracts.go:265.22,266.36 1 0
github.com/ethereum/go-ethereum/core/vm/contracts.go:267.24,268.38 1 0
github.com/ethereum/go-ethereum/core/vm/contracts.go:269.25,270.39 1 0
github.com/ethereum/go-ethereum/core/vm/contracts.go:271.10,272.39 1 0
github.com/ethereum/go-ethereum/core/vm/contracts.go:281.154,283.27 2 1
github.com/ethereum/go-ethereum/core/vm/contracts.go:283.27,285.3 1 1
github.com/ethereum/go-ethereum/core/vm/contracts.go:286.2,286.48 1 1
github.com/ethereum/go-ethereum/core/vm/contracts.go:286.48,288.3 1 0
github.com/ethereum/go-ethereum/core/vm/contracts.go:289.2,291.33 3 1
github.com/ethereum/go-ethereum/core/vm/contracts.go:297.54,299.2 1 1
github.com/ethereum/go-ethereum/core/vm/contracts.go:301.55,313.88 6 1
github.com/ethereum/go-ethereum/core/vm/contracts.go:313.88,315.3 1 1
github.com/ethereum/go-ethereum/core/vm/contracts.go:318.2,324.16 5 1
github.com/ethereum/go-ethereum/core/vm/contracts.go:324.16,326.3 1 1
github.com/ethereum/go-ethereum/core/vm/contracts.go:329.2,329.72 1 1
github.com/ethereum/go-ethereum/core/vm/contracts.go:332.35,334.2 1 0
github.com/ethereum/go-ethereum/core/vm/contracts.go:343.55,345.2 1 0
github.com/ethereum/go-ethereum/core/vm/contracts.go:346.56,349.2 2 0
github.com/ethereum/go-ethereum/core/vm/contracts.go:351.36,353.2 1 0
github.com/ethereum/go-ethereum/core/vm/contracts.go:362.58,364.2 1 0
github.com/ethereum/go-ethereum/core/vm/contracts.go:365.59,369.2 3 0
github.com/ethereum/go-ethereum/core/vm/contracts.go:371.39,373.2 1 0
github.com/ethereum/go-ethereum/core/vm/contracts.go:382.53,384.2 1 0
github.com/ethereum/go-ethereum/core/vm/contracts.go:385.51,387.2 1 0
github.com/ethereum/go-ethereum/core/vm/contracts.go:389.34,391.2 1 0
github.com/ethereum/go-ethereum/core/vm/contracts.go:409.47,410.9 1 1
github.com/ethereum/go-ethereum/core/vm/contracts.go:411.15,412.15 1 1
github.com/ethereum/go-ethereum/core/vm/contracts.go:413.17,415.29 1 1
github.com/ethereum/go-ethereum/core/vm/contracts.go:417.10,423.17 2 1
github.com/ethereum/go-ethereum/core/vm/contracts.go:423.17,425.4 1 0
github.com/ethereum/go-ethereum/core/vm/contracts.go:426.3,435.17 5 1
github.com/ethereum/go-ethereum/core/vm/contracts.go:435.17,437.4 1 0
github.com/ethereum/go-ethereum/core/vm/contracts.go:438.3,438.13 1 1
github.com/ethereum/go-ethereum/core/vm/contracts.go:449.44,452.16 2 1
github.com/ethereum/go-ethereum/core/vm/contracts.go:452.16,454.3 1 0
github.com/ethereum/go-ethereum/core/vm/contracts.go:455.2,459.16 3 1
github.com/ethereum/go-ethereum/core/vm/contracts.go:459.16,461.3 1 0
github.com/ethereum/go-ethereum/core/vm/contracts.go:462.2,462.10 1 1
github.com/ethereum/go-ethereum/core/vm/contracts.go:469.43,470.13 1 1
github.com/ethereum/go-ethereum/core/vm/contracts.go:470.13,472.3 1 1
github.com/ethereum/go-ethereum/core/vm/contracts.go:474.2,476.16 3 1
github.com/ethereum/go-ethereum/core/vm/contracts.go:476.16,478.3 1 0
github.com/ethereum/go-ethereum/core/vm/contracts.go:479.2,479.15 1 1
github.com/ethereum/go-ethereum/core/vm/contracts.go:484.89,488.17 2 1
github.com/ethereum/go-ethereum/core/vm/contracts.go:488.17,490.16 2 1
github.com/ethereum/go-ethereum/core/vm/contracts.go:490.16,492.4 1 1
github.com/ethereum/go-ethereum/core/vm/contracts.go:493.3,493.25 1 1
github.com/ethereum/go-ethereum/core/vm/contracts.go:496.2,496.44 1 1
github.com/ethereum/go-ethereum/core/vm/contracts.go:496.44,498.16 2 1
github.com/ethereum/go-ethereum/core/vm/contracts.go:498.16,500.4 1 0
github.com/ethereum/go-ethereum/core/vm/contracts.go:501.3,501.25 1 1
github.com/ethereum/go-ethereum/core/vm/contracts.go:504.2,504.31 1 1
github.com/ethereum/go-ethereum/core/vm/contracts.go:508.85,516.38 4 1
github.com/ethereum/go-ethereum/core/vm/contracts.go:516.38,518.3 1 0
github.com/ethereum/go-ethereum/core/vm/contracts.go:519.2,524.16 4 1
github.com/ethereum/go-ethereum/core/vm/contracts.go:524.16,526.3 1 1
github.com/ethereum/go-ethereum/core/vm/contracts.go:527.2,527.12 1 1
github.com/ethereum/go-ethereum/core/vm/contracts.go:531.82,540.38 4 1
github.com/ethereum/go-ethereum/core/vm/contracts.go:540.38,542.3 1 0
github.com/ethereum/go-ethereum/core/vm/contracts.go:543.2,548.16 4 1
github.com/ethereum/go-ethereum/core/vm/contracts.go:548.16,550.3 1 1
github.com/ethereum/go-ethereum/core/vm/contracts.go:551.2,551.25 1 1
github.com/ethereum/go-ethereum/core/vm/contracts.go:555.81,563.38 4 1
github.com/ethereum/go-ethereum/core/vm/contracts.go:563.38,565.3 1 0
github.com/ethereum/go-ethereum/core/vm/contracts.go:566.2,570.16 3 1
github.com/ethereum/go-ethereum/core/vm/contracts.go:570.16,572.3 1 1
github.com/ethereum/go-ethereum/core/vm/contracts.go:573.2,573.25 1 1
github.com/ethereum/go-ethereum/core/vm/contracts.go:577.54,585.28 5 1
github.com/ethereum/go-ethereum/core/vm/contracts.go:585.28,587.3 1 0
github.com/ethereum/go-ethereum/core/vm/contracts.go:588.2,589.27 2 1
github.com/ethereum/go-ethereum/core/vm/contracts.go:589.27,591.3 1 0
github.com/ethereum/go-ethereum/core/vm/contracts.go:592.2,593.27 2 1
github.com/ethereum/go-ethereum/core/vm/contracts.go:593.27,595.3 1 0
github.com/ethereum/go-ethereum/core/vm/contracts.go:598.2,598.21 1 1
github.com/ethereum/go-ethereum/core/vm/contracts.go:598.21,600.3 1 1
github.com/ethereum/go-ethereum/core/vm/contracts.go:600.8,602.3 1 0
github.com/ethereum/go-ethereum/core/vm/contracts.go:605.2,606.34 2 1
github.com/ethereum/go-ethereum/core/vm/contracts.go:606.34,607.18 1 1
github.com/ethereum/go-ethereum/core/vm/contracts.go:607.18,609.4 1 1
github.com/ethereum/go-ethereum/core/vm/contracts.go:609.9,611.4 1 1
github.com/ethereum/go-ethereum/core/vm/contracts.go:615.2,615.15 1 1
github.com/ethereum/go-ethereum/core/vm/contracts.go:615.15,617.3 1 1
github.com/ethereum/go-ethereum/core/vm/contracts.go:617.8,617.22 1 1
github.com/ethereum/go-ethereum/core/vm/contracts.go:617.22,619.3 1 1
github.com/ethereum/go-ethereum/core/vm/contracts.go:619.8,621.3 1 1
github.com/ethereum/go-ethereum/core/vm/contracts.go:624.55,634.21 2 1
github.com/ethereum/go-ethereum/core/vm/contracts.go:634.21,636.3 1 1
github.com/ethereum/go-ethereum/core/vm/contracts.go:636.8,638.3 1 0
github.com/ethereum/go-ethereum/core/vm/contracts.go:641.2,641.76 1 1
github.com/ethereum/go-ethereum/core/vm/contracts.go:641.76,643.3 1 0
github.com/ethereum/go-ethereum/core/vm/contracts.go:645.2,645.33 1 1
github.com/ethereum/go-ethereum/core/vm/contracts.go:645.33,647.3 1 0
github.com/ethereum/go-ethereum/core/vm/contracts.go:649.2,655.9 2 1
github.com/ethereum/go-ethereum/core/vm/contracts.go:656.25,658.57 1 0
github.com/ethereum/go-ethereum/core/vm/contracts.go:659.26,661.34 1 1
github.com/ethereum/go-ethereum/core/vm/contracts.go:662.10,663.39 1 1
github.com/ethereum/go-ethereum/core/vm/contracts.go:665.2,665.49 1 1
github.com/ethereum/go-ethereum/core/vm/contracts.go:668.35,670.2 1 0
github.com/ethereum/go-ethereum/core/vm/contracts.go:674.52,676.45 2 1
github.com/ethereum/go-ethereum/core/vm/contracts.go:676.45,678.3 1 0
github.com/ethereum/go-ethereum/core/vm/contracts.go:679.2,679.15 1 1
github.com/ethereum/go-ethereum/core/vm/contracts.go:684.52,686.45 2 1
github.com/ethereum/go-ethereum/core/vm/contracts.go:686.45,688.3 1 0
github.com/ethereum/go-ethereum/core/vm/contracts.go:689.2,689.15 1 1
github.com/ethereum/go-ethereum/core/vm/contracts.go:694.48,696.16 2 1
github.com/ethereum/go-ethereum/core/vm/contracts.go:696.16,698.3 1 0
github.com/ethereum/go-ethereum/core/vm/contracts.go:699.2,700.16 2 1
github.com/ethereum/go-ethereum/core/vm/contracts.go:700.16,702.3 1 0
github.com/ethereum/go-ethereum/core/vm/contracts.go:703.2,705.27 3 1
github.com/ethereum/go-ethereum/core/vm/contracts.go:713.61,715.2 1 1
github.com/ethereum/go-ethereum/core/vm/contracts.go:717.62,719.2 1 1
github.com/ethereum/go-ethereum/core/vm/contracts.go:721.42,723.2 1 0
github.com/ethereum/go-ethereum/core/vm/contracts.go:730.62,732.2 1 0
github.com/ethereum/go-ethereum/core/vm/contracts.go:734.63,736.2 1 0
github.com/ethereum/go-ethereum/core/vm/contracts.go:738.43,740.2 1 0
github.com/ethereum/go-ethereum/core/vm/contracts.go:744.54,746.16 2 1
github.com/ethereum/go-ethereum/core/vm/contracts.go:746.16,748.3 1 0
github.com/ethereum/go-ethereum/core/vm/contracts.go:749.2,751.27 3 1
github.com/ethereum/go-ethereum/core/vm/contracts.go:759.67,761.2 1 1
github.com/ethereum/go-ethereum/core/vm/contracts.go:763.68,765.2 1 1
github.com/ethereum/go-ethereum/core/vm/contracts.go:767.48,769.2 1 0
github.com/ethereum/go-ethereum/core/vm/contracts.go:776.68,778.2 1 0
github.com/ethereum/go-ethereum/core/vm/contracts.go:780.69,782.2 1 0
github.com/ethereum/go-ethereum/core/vm/contracts.go:784.49,786.2 1 0
github.com/ethereum/go-ethereum/core/vm/contracts.go:801.52,803.24 1 1
github.com/ethereum/go-ethereum/core/vm/contracts.go:803.24,805.3 1 0
github.com/ethereum/go-ethereum/core/vm/contracts.go:807.2,811.39 2 1
github.com/ethereum/go-ethereum/core/vm/contracts.go:811.39,813.17 2 1
github.com/ethereum/go-ethereum/core/vm/contracts.go:813.17,815.4 1 0
github.com/ethereum/go-ethereum/core/vm/contracts.go:816.3,817.17 2 1
github.com/ethereum/go-ethereum/core/vm/contracts.go:817.17,819.4 1 0
github.com/ethereum/go-ethereum/core/vm/contracts.go:820.3,821.21 2 1
github.com/ethereum/go-ethereum/core/vm/contracts.go:824.2,824.32 1 1
github.com/ethereum/go-ethereum/core/vm/contracts.go:824.32,826.3 1 1
github.com/ethereum/go-ethereum/core/vm/contracts.go:827.2,827.25 1 1
github.com/ethereum/go-ethereum/core/vm/contracts.go:835.65,837.2 1 1
github.com/ethereum/go-ethereum/core/vm/contracts.go:839.66,841.2 1 1
github.com/ethereum/go-ethereum/core/vm/contracts.go:843.46,845.2 1 0
github.com/ethereum/go-ethereum/core/vm/contracts.go:852.66,854.2 1 0
github.com/ethereum/go-ethereum/core/vm/contracts.go:856.67,858.2 1 0
github.com/ethereum/go-ethereum/core/vm/contracts.go:860.47,862.2 1 0
github.com/ethereum/go-ethereum/core/vm/contracts.go:866.52,869.38 1 1
github.com/ethereum/go-ethereum/core/vm/contracts.go:869.38,871.3 1 1
github.com/ethereum/go-ethereum/core/vm/contracts.go:872.2,872.52 1 1
github.com/ethereum/go-ethereum/core/vm/contracts.go:886.53,888.38 1 1
github.com/ethereum/go-ethereum/core/vm/contracts.go:888.38,890.3 1 1
github.com/ethereum/go-ethereum/core/vm/contracts.go:891.2,891.85 1 1
github.com/ethereum/go-ethereum/core/vm/contracts.go:891.85,893.3 1 1
github.com/ethereum/go-ethereum/core/vm/contracts.go:895.2,903.25 2 1
github.com/ethereum/go-ethereum/core/vm/contracts.go:903.25,906.3 2 1
github.com/ethereum/go-ethereum/core/vm/contracts.go:907.2,907.26 1 1
github.com/ethereum/go-ethereum/core/vm/contracts.go:907.26,910.3 2 1
github.com/ethereum/go-ethereum/core/vm/contracts.go:911.2,918.25 5 1
github.com/ethereum/go-ethereum/core/vm/contracts.go:918.25,921.3 2 1
github.com/ethereum/go-ethereum/core/vm/contracts.go:922.2,922.20 1 1
github.com/ethereum/go-ethereum/core/vm/contracts.go:925.33,927.2 1 0
github.com/ethereum/go-ethereum/core/vm/contracts.go:940.58,942.2 1 1
github.com/ethereum/go-ethereum/core/vm/contracts.go:944.59,948.23 1 1
github.com/ethereum/go-ethereum/core/vm/contracts.go:948.23,950.3 1 1
github.com/ethereum/go-ethereum/core/vm/contracts.go:951.2,955.54 3 1
github.com/ethereum/go-ethereum/core/vm/contracts.go:955.54,957.3 1 1
github.com/ethereum/go-ethereum/core/vm/contracts.go:959.2,959.54 1 1
github.com/ethereum/go-ethereum/core/vm/contracts.go:959.54,961.3 1 0
github.com/ethereum/go-ethereum/core/vm/contracts.go:966.2,969.31 2 1
github.com/ethereum/go-ethereum/core/vm/contracts.go:972.39,974.2 1 0
github.com/ethereum/go-ethereum/core/vm/contracts.go:980.63,983.12 2 1
github.com/ethereum/go-ethereum/core/vm/contracts.go:983.12,986.3 1 1
github.com/ethereum/go-ethereum/core/vm/contracts.go:988.2,989.67 2 1
github.com/ethereum/go-ethereum/core/vm/contracts.go:989.67,991.3 1 1
github.com/ethereum/go-ethereum/core/vm/contracts.go:991.8,993.3 1 1
github.com/ethereum/go-ethereum/core/vm/contracts.go:995.2,995.64 1 1
github.com/ethereum/go-ethereum/core/vm/contracts.go:998.64,1003.44 2 1
github.com/ethereum/go-ethereum/core/vm/contracts.go:1003.44,1005.3 1 1
github.com/ethereum/go-ethereum/core/vm/contracts.go:1006.2,1010.25 3 1
github.com/ethereum/go-ethereum/core/vm/contracts.go:1010.25,1015.17 4 1
github.com/ethereum/go-ethereum/core/vm/contracts.go:1015.17,1017.4 1 1
github.com/ethereum/go-ethereum/core/vm/contracts.go:1020.3,1020.24 1 1
github.com/ethereum/go-ethereum/core/vm/contracts.go:1020.24,1022.4 1 1
github.com/ethereum/go-ethereum/core/vm/contracts.go:1023.3,1025.55 2 1
github.com/ethereum/go-ethereum/core/vm/contracts.go:1029.2,1033.30 3 1
github.com/ethereum/go-ethereum/core/vm/contracts.go:1036.44,1038.2 1 0
github.com/ethereum/go-ethereum/core/vm/contracts.go:1044.58,1046.2 1 1
github.com/ethereum/go-ethereum/core/vm/contracts.go:1048.59,1052.23 1 1
github.com/ethereum/go-ethereum/core/vm/contracts.go:1052.23,1054.3 1 1
github.com/ethereum/go-ethereum/core/vm/contracts.go:1055.2,1059.54 3 1
github.com/ethereum/go-ethereum/core/vm/contracts.go:1059.54,1061.3 1 1
github.com/ethereum/go-ethereum/core/vm/contracts.go:1063.2,1063.54 1 1
github.com/ethereum/go-ethereum/core/vm/contracts.go:1063.54,1065.3 1 0
github.com/ethereum/go-ethereum/core/vm/contracts.go:1070.2,1074.30 3 1
github.com/ethereum/go-ethereum/core/vm/contracts.go:1077.39,1079.2 1 0
github.com/ethereum/go-ethereum/core/vm/contracts.go:1085.63,1088.12 2 1
github.com/ethereum/go-ethereum/core/vm/contracts.go:1088.12,1091.3 1 1
github.com/ethereum/go-ethereum/core/vm/contracts.go:1093.2,1094.67 2 1
github.com/ethereum/go-ethereum/core/vm/contracts.go:1094.67,1096.3 1 1
github.com/ethereum/go-ethereum/core/vm/contracts.go:1096.8,1098.3 1 1
github.com/ethereum/go-ethereum/core/vm/contracts.go:1100.2,1100.64 1 1
github.com/ethereum/go-ethereum/core/vm/contracts.go:1103.64,1108.44 2 1
github.com/ethereum/go-ethereum/core/vm/contracts.go:1108.44,1110.3 1 1
github.com/ethereum/go-ethereum/core/vm/contracts.go:1111.2,1115.25 3 1
github.com/ethereum/go-ethereum/core/vm/contracts.go:1115.25,1120.17 4 1
github.com/ethereum/go-ethereum/core/vm/contracts.go:1120.17,1122.4 1 1
github.com/ethereum/go-ethereum/core/vm/contracts.go:1125.3,1125.24 1 1
github.com/ethereum/go-ethereum/core/vm/contracts.go:1125.24,1127.4 1 1
github.com/ethereum/go-ethereum/core/vm/contracts.go:1128.3,1130.55 2 1
github.com/ethereum/go-ethereum/core/vm/contracts.go:1134.2,1138.30 3 1
github.com/ethereum/go-ethereum/core/vm/contracts.go:1141.44,1143.2 1 0
github.com/ethereum/go-ethereum/core/vm/contracts.go:1149.60,1151.2 1 1
github.com/ethereum/go-ethereum/core/vm/contracts.go:1153.61,1161.44 2 1
github.com/ethereum/go-ethereum/core/vm/contracts.go:1161.44,1163.3 1 1
github.com/ethereum/go-ethereum/core/vm/contracts.go:1165.2,1171.25 2 1
github.com/ethereum/go-ethereum/core/vm/contracts.go:1171.25,1177.17 4 1
github.com/ethereum/go-ethereum/core/vm/contracts.go:1177.17,1179.4 1 1
github.com/ethereum/go-ethereum/core/vm/contracts.go:1181.3,1182.17 2 1
github.com/ethereum/go-ethereum/core/vm/contracts.go:1182.17,1184.4 1 1
github.com/ethereum/go-ethereum/core/vm/contracts.go:1188.3,1188.25 1 1
github.com/ethereum/go-ethereum/core/vm/contracts.go:1188.25,1190.4 1 1
github.com/ethereum/go-ethereum/core/vm/contracts.go:1191.3,1191.25 1 1
github.com/ethereum/go-ethereum/core/vm/contracts.go:1191.25,1193.4 1 1
github.com/ethereum/go-ethereum/core/vm/contracts.go:1194.3,1195.21 2 1
github.com/ethereum/go-ethereum/core/vm/contracts.go:1198.2,1202.22 3 1
github.com/ethereum/go-ethereum/core/vm/contracts.go:1202.22,1204.3 1 1
github.com/ethereum/go-ethereum/core/vm/contracts.go:1205.2,1205.17 1 1
github.com/ethereum/go-ethereum/core/vm/contracts.go:1208.41,1210.2 1 0
github.com/ethereum/go-ethereum/core/vm/contracts.go:1212.59,1213.20 1 1
github.com/ethereum/go-ethereum/core/vm/contracts.go:1213.20,1215.3 1 0
github.com/ethereum/go-ethereum/core/vm/contracts.go:1217.2,1218.16 2 1
github.com/ethereum/go-ethereum/core/vm/contracts.go:1218.16,1220.3 1 1
github.com/ethereum/go-ethereum/core/vm/contracts.go:1222.2,1223.16 2 1
github.com/ethereum/go-ethereum/core/vm/contracts.go:1223.16,1225.3 1 1
github.com/ethereum/go-ethereum/core/vm/contracts.go:1226.2,1227.23 2 1
github.com/ethereum/go-ethereum/core/vm/contracts.go:1227.23,1229.3 1 1
github.com/ethereum/go-ethereum/core/vm/contracts.go:1231.2,1231.19 1 1
github.com/ethereum/go-ethereum/core/vm/contracts.go:1235.59,1236.20 1 1
github.com/ethereum/go-ethereum/core/vm/contracts.go:1236.20,1238.3 1 0
github.com/ethereum/go-ethereum/core/vm/contracts.go:1239.2,1240.16 2 1
github.com/ethereum/go-ethereum/core/vm/contracts.go:1240.16,1242.3 1 1
github.com/ethereum/go-ethereum/core/vm/contracts.go:1243.2,1244.16 2 1
github.com/ethereum/go-ethereum/core/vm/contracts.go:1244.16,1246.3 1 0
github.com/ethereum/go-ethereum/core/vm/contracts.go:1247.2,1248.16 2 1
github.com/ethereum/go-ethereum/core/vm/contracts.go:1248.16,1250.3 1 0
github.com/ethereum/go-ethereum/core/vm/contracts.go:1251.2,1252.16 2 1
github.com/ethereum/go-ethereum/core/vm/contracts.go:1252.16,1254.3 1 1
github.com/ethereum/go-ethereum/core/vm/contracts.go:1256.2,1257.20 2 1
github.com/ethereum/go-ethereum/core/vm/contracts.go:1257.20,1259.3 1 1
github.com/ethereum/go-ethereum/core/vm/contracts.go:1260.2,1260.16 1 1
github.com/ethereum/go-ethereum/core/vm/contracts.go:1265.64,1266.19 1 1
github.com/ethereum/go-ethereum/core/vm/contracts.go:1266.19,1268.3 1 0
github.com/ethereum/go-ethereum/core/vm/contracts.go:1270.2,1270.26 1 1
github.com/ethereum/go-ethereum/core/vm/contracts.go:1270.26,1271.26 1 1
github.com/ethereum/go-ethereum/core/vm/contracts.go:1271.26,1273.4 1 1
github.com/ethereum/go-ethereum/core/vm/contracts.go:1275.2,1278.35 3 1
github.com/ethereum/go-ethereum/core/vm/contracts.go:1282.49,1287.2 4 1
github.com/ethereum/go-ethereum/core/vm/contracts.go:1290.49,1299.2 6 1
github.com/ethereum/go-ethereum/core/vm/contracts.go:1305.58,1307.2 1 1
github.com/ethereum/go-ethereum/core/vm/contracts.go:1309.59,1313.22 1 1
github.com/ethereum/go-ethereum/core/vm/contracts.go:1313.22,1315.3 1 1
github.com/ethereum/go-ethereum/core/vm/contracts.go:1318.2,1319.16 2 1
github.com/ethereum/go-ethereum/core/vm/contracts.go:1319.16,1321.3 1 1
github.com/ethereum/go-ethereum/core/vm/contracts.go:1324.2,1327.31 2 1
github.com/ethereum/go-ethereum/core/vm/contracts.go:1330.39,1332.2 1 0
github.com/ethereum/go-ethereum/core/vm/contracts.go:1338.58,1340.2 1 1
github.com/ethereum/go-ethereum/core/vm/contracts.go:1342.59,1346.23 1 1
github.com/ethereum/go-ethereum/core/vm/contracts.go:1346.23,1348.3 1 1
github.com/ethereum/go-ethereum/core/vm/contracts.go:1351.2,1352.16 2 1
github.com/ethereum/go-ethereum/core/vm/contracts.go:1352.16,1354.3 1 1
github.com/ethereum/go-ethereum/core/vm/contracts.go:1355.2,1356.16 2 1
github.com/ethereum/go-ethereum/core/vm/contracts.go:1356.16,1358.3 1 1
github.com/ethereum/go-ethereum/core/vm/contracts.go:1361.2,1364.31 2 1
github.com/ethereum/go-ethereum/core/vm/contracts.go:1367.39,1369.2 1 0
github.com/ethereum/go-ethereum/core/vm/contracts.go:1375.63,1377.2 1 1
github.com/ethereum/go-ethereum/core/vm/contracts.go:1392.64,1393.41 1 1
github.com/ethereum/go-ethereum/core/vm/contracts.go:1393.41,1395.3 1 0
github.com/ethereum/go-ethereum/core/vm/contracts.go:1397.2,1412.53 8 1
github.com/ethereum/go-ethereum/core/vm/contracts.go:1412.53,1414.3 1 0
github.com/ethereum/go-ethereum/core/vm/contracts.go:1417.2,1420.77 3 1
github.com/ethereum/go-ethereum/core/vm/contracts.go:1420.77,1422.3 1 0
github.com/ethereum/go-ethereum/core/vm/contracts.go:1424.2,1424.57 1 1
github.com/ethereum/go-ethereum/core/vm/contracts.go:1427.44,1429.2 1 0
github.com/ethereum/go-ethereum/core/vm/contracts.go:1432.61,1437.2 3 1
github.com/ethereum/go-ethereum/core/vm/contracts.go:1444.55,1446.2 1 1
github.com/ethereum/go-ethereum/core/vm/contracts.go:1449.56,1451.41 2 1
github.com/ethereum/go-ethereum/core/vm/contracts.go:1451.41,1453.3 1 0
github.com/ethereum/go-ethereum/core/vm/contracts.go:1456.2,1461.40 4 1
github.com/ethereum/go-ethereum/core/vm/contracts.go:1461.40,1463.3 1 1
github.com/ethereum/go-ethereum/core/vm/contracts.go:1464.2,1464.17 1 1
github.com/ethereum/go-ethereum/core/vm/contracts.go:1467.36,1469.2 1 0
github.com/ethereum/go-ethereum/core/vm/contracts_sgx.go:53.36,55.2 1 0
github.com/ethereum/go-ethereum/core/vm/eips.go:51.49,53.9 2 1
github.com/ethereum/go-ethereum/core/vm/eips.go:53.9,55.3 1 0
github.com/ethereum/go-ethereum/core/vm/eips.go:56.2,57.12 2 1
github.com/ethereum/go-ethereum/core/vm/eips.go:60.32,63.2 2 0
github.com/ethereum/go-ethereum/core/vm/eips.go:64.34,66.28 2 0
github.com/ethereum/go-ethereum/core/vm/eips.go:66.28,68.3 1 0
github.com/ethereum/go-ethereum/core/vm/eips.go:69.2,70.13 2 0
github.com/ethereum/go-ethereum/core/vm/eips.go:78.32,91.2 4 1
github.com/ethereum/go-ethereum/core/vm/eips.go:93.79,97.2 3 0
github.com/ethereum/go-ethereum/core/vm/eips.go:101.32,109.2 1 1
github.com/ethereum/go-ethereum/core/vm/eips.go:112.75,116.2 3 0
github.com/ethereum/go-ethereum/core/vm/eips.go:119.32,122.2 2 1
github.com/ethereum/go-ethereum/core/vm/eips.go:126.32,160.2 21 1
github.com/ethereum/go-ethereum/core/vm/eips.go:166.32,169.2 2 1
github.com/ethereum/go-ethereum/core/vm/eips.go:173.32,181.2 1 1
github.com/ethereum/go-ethereum/core/vm/eips.go:186.32,200.2 2 1
github.com/ethereum/go-ethereum/core/vm/eips.go:203.73,209.2 5 1
github.com/ethereum/go-ethereum/core/vm/eips.go:212.74,213.18 1 1
github.com/ethereum/go-ethereum/core/vm/eips.go:213.18,215.3 1 0
github.com/ethereum/go-ethereum/core/vm/eips.go:216.2,219.17 4 1
github.com/ethereum/go-ethereum/core/vm/eips.go:223.75,227.2 3 0
github.com/ethereum/go-ethereum/core/vm/eips.go:230.32,238.2 1 1
github.com/ethereum/go-ethereum/core/vm/eips.go:241.73,244.2 2 0
github.com/ethereum/go-ethereum/core/vm/eips.go:248.32,251.2 2 1
github.com/ethereum/go-ethereum/core/vm/eips.go:255.32,264.2 1 1
github.com/ethereum/go-ethereum/core/vm/eips.go:267.73,277.2 3 1
github.com/ethereum/go-ethereum/core/vm/eips.go:280.76,282.59 2 1
github.com/ethereum/go-ethereum/core/vm/eips.go:282.59,285.3 2 1
github.com/ethereum/go-ethereum/core/vm/eips.go:285.8,287.3 1 1
github.com/ethereum/go-ethereum/core/vm/eips.go:288.2,288.17 1 1
github.com/ethereum/go-ethereum/core/vm/eips.go:292.79,296.2 3 0
github.com/ethereum/go-ethereum/core/vm/eips.go:299.71,303.2 3 1
github.com/ethereum/go-ethereum/core/vm/eips.go:306.32,313.2 1 1
github.com/ethereum/go-ethereum/core/vm/eips.go:316.32,323.2 1 1
github.com/ethereum/go-ethereum/core/vm/eips.go:326.32,333.2 1 1
github.com/ethereum/go-ethereum/core/vm/eips.go:336.32,344.2 1 1
github.com/ethereum/go-ethereum/core/vm/eips.go:347.32,366.2 3 0
github.com/ethereum/go-ethereum/core/vm/eips.go:368.86,377.14 3 0
github.com/ethereum/go-ethereum/core/vm/eips.go:377.14,379.3 1 0
github.com/ethereum/go-ethereum/core/vm/eips.go:380.2,385.23 6 0
github.com/ethereum/go-ethereum/core/vm/eips.go:385.23,387.3 1 0
github.com/ethereum/go-ethereum/core/vm/eips.go:388.2,390.17 2 0
github.com/ethereum/go-ethereum/core/vm/eips.go:396.80,402.19 3 0
github.com/ethereum/go-ethereum/core/vm/eips.go:402.19,405.82 2 0
github.com/ethereum/go-ethereum/core/vm/eips.go:405.82,411.25 4 0
github.com/ethereum/go-ethereum/core/vm/eips.go:411.25,413.5 1 0
github.com/ethereum/go-ethereum/core/vm/eips.go:415.8,417.3 1 0
github.com/ethereum/go-ethereum/core/vm/eips.go:418.2,418.17 1 0
github.com/ethereum/go-ethereum/core/vm/eips.go:421.67,422.73 1 1
github.com/ethereum/go-ethereum/core/vm/eips.go:422.73,435.67 3 0
github.com/ethereum/go-ethereum/core/vm/eips.go:435.67,439.25 4 0
github.com/ethereum/go-ethereum/core/vm/eips.go:439.25,441.5 1 0
github.com/ethereum/go-ethereum/core/vm/eips.go:444.3,445.18 2 0
github.com/ethereum/go-ethereum/core/vm/eips.go:449.32,565.26 16 1
github.com/ethereum/go-ethereum/core/vm/eips.go:565.26,572.3 1 1
github.com/ethereum/go-ethereum/core/vm/eips.go:576.32,581.2 4 1
github.com/ethereum/go-ethereum/core/vm/errors.go:54.43,56.2 1 0
github.com/ethereum/go-ethereum/core/vm/errors.go:58.43,60.2 1 0
github.com/ethereum/go-ethereum/core/vm/errors.go:69.42,71.2 1 0
github.com/ethereum/go-ethereum/core/vm/errors.go:73.42,75.2 1 0
github.com/ethereum/go-ethereum/core/vm/errors.go:82.43,82.97 1 0
github.com/ethereum/go-ethereum/core/vm/errors.go:106.38,107.16 1 0
github.com/ethereum/go-ethereum/core/vm/errors.go:107.16,109.3 1 0
github.com/ethereum/go-ethereum/core/vm/errors.go:111.2,114.3 1 0
github.com/ethereum/go-ethereum/core/vm/errors.go:117.34,119.2 1 0
github.com/ethereum/go-ethereum/core/vm/errors.go:121.34,123.2 1 0
github.com/ethereum/go-ethereum/core/vm/errors.go:125.35,127.2 1 0
github.com/ethereum/go-ethereum/core/vm/errors.go:156.40,157.9 1 0
github.com/ethereum/go-ethereum/core/vm/errors.go:158.35,159.29 1 0
github.com/ethereum/go-ethereum/core/vm/errors.go:160.44,161.38 1 0
github.com/ethereum/go-ethereum/core/vm/errors.go:162.32,163.26 1 0
github.com/ethereum/go-ethereum/core/vm/errors.go:164.46,165.40 1 0
github.com/ethereum/go-ethereum/core/vm/errors.go:166.51,167.45 1 0
github.com/ethereum/go-ethereum/core/vm/errors.go:168.44,169.38 1 0
github.com/ethereum/go-ethereum/core/vm/errors.go:170.46,171.40 1 0
github.com/ethereum/go-ethereum/core/vm/errors.go:172.38,173.32 1 0
github.com/ethereum/go-ethereum/core/vm/errors.go:174.42,175.36 1 0
github.com/ethereum/go-ethereum/core/vm/errors.go:176.48,177.42 1 0
github.com/ethereum/go-ethereum/core/vm/errors.go:178.42,179.36 1 0
github.com/ethereum/go-ethereum/core/vm/errors.go:180.38,181.32 1 0
github.com/ethereum/go-ethereum/core/vm/errors.go:182.44,183.38 1 0
github.com/ethereum/go-ethereum/core/vm/errors.go:185.10,187.57 1 0
github.com/ethereum/go-ethereum/core/vm/errors.go:187.57,189.4 1 0
github.com/ethereum/go-ethereum/core/vm/errors.go:191.3,191.56 1 0
github.com/ethereum/go-ethereum/core/vm/errors.go:191.56,193.4 1 0
github.com/ethereum/go-ethereum/core/vm/errors.go:195.3,195.56 1 0
github.com/ethereum/go-ethereum/core/vm/errors.go:195.56,197.4 1 0
github.com/ethereum/go-ethereum/core/vm/errors.go:199.3,199.28 1 0
github.com/ethereum/go-ethereum/core/vm/evm.go:44.77,47.2 2 1
github.com/ethereum/go-ethereum/core/vm/evm.go:139.106,151.9 3 1
github.com/ethereum/go-ethereum/core/vm/evm.go:152.30,153.35 1 0
github.com/ethereum/go-ethereum/core/vm/evm.go:154.31,156.36 1 0
github.com/ethereum/go-ethereum/core/vm/evm.go:157.31,158.36 1 0
github.com/ethereum/go-ethereum/core/vm/evm.go:159.31,160.36 1 0
github.com/ethereum/go-ethereum/core/vm/evm.go:161.33,162.38 1 0
github.com/ethereum/go-ethereum/core/vm/evm.go:163.30,164.35 1 0
github.com/ethereum/go-ethereum/core/vm/evm.go:165.31,166.36 1 1
github.com/ethereum/go-ethereum/core/vm/evm.go:167.31,168.36 1 0
github.com/ethereum/go-ethereum/core/vm/evm.go:169.33,170.38 1 0
github.com/ethereum/go-ethereum/core/vm/evm.go:171.39,172.44 1 0
github.com/ethereum/go-ethereum/core/vm/evm.go:173.34,174.39 1 0
github.com/ethereum/go-ethereum/core/vm/evm.go:175.31,176.44 1 0
github.com/ethereum/go-ethereum/core/vm/evm.go:177.31,178.46 1 0
github.com/ethereum/go-ethereum/core/vm/evm.go:179.34,180.39 1 0
github.com/ethereum/go-ethereum/core/vm/evm.go:181.10,182.38 1 1
github.com/ethereum/go-ethereum/core/vm/evm.go:184.2,185.35 2 1
github.com/ethereum/go-ethereum/core/vm/evm.go:185.35,188.3 1 1
github.com/ethereum/go-ethereum/core/vm/evm.go:189.2,189.43 1 1
github.com/ethereum/go-ethereum/core/vm/evm.go:189.43,190.51 1 1
github.com/ethereum/go-ethereum/core/vm/evm.go:190.51,193.4 1 0
github.com/ethereum/go-ethereum/core/vm/evm.go:193.9,195.4 1 1
github.com/ethereum/go-ethereum/core/vm/evm.go:197.2,198.12 2 1
github.com/ethereum/go-ethereum/core/vm/evm.go:204.66,206.2 1 0
github.com/ethereum/go-ethereum/core/vm/evm.go:209.59,211.2 1 0
github.com/ethereum/go-ethereum/core/vm/evm.go:215.47,216.30 1 1
github.com/ethereum/go-ethereum/core/vm/evm.go:216.30,218.3 1 0
github.com/ethereum/go-ethereum/core/vm/evm.go:219.2,219.23 1 1
github.com/ethereum/go-ethereum/core/vm/evm.go:224.26,226.2 1 1
github.com/ethereum/go-ethereum/core/vm/evm.go:229.34,231.2 1 0
github.com/ethereum/go-ethereum/core/vm/evm.go:233.47,235.2 1 1
github.com/ethereum/go-ethereum/core/vm/evm.go:241.156,243.30 1 1
github.com/ethereum/go-ethereum/core/vm/evm.go:243.30,245.31 2 0
github.com/ethereum/go-ethereum/core/vm/evm.go:245.31,247.4 1 0
github.com/ethereum/go-ethereum/core/vm/evm.go:250.2,250.45 1 1
github.com/ethereum/go-ethereum/core/vm/evm.go:250.45,252.3 1 0
github.com/ethereum/go-ethereum/core/vm/evm.go:254.2,254.77 1 1
github.com/ethereum/go-ethereum/core/vm/evm.go:254.77,256.3 1 0
github.com/ethereum/go-ethereum/core/vm/evm.go:257.2,260.30 3 1
github.com/ethereum/go-ethereum/core/vm/evm.go:260.30,261.73 1 0
github.com/ethereum/go-ethereum/core/vm/evm.go:261.73,270.18 2 0
github.com/ethereum/go-ethereum/core/vm/evm.go:270.18,273.5 2 0
github.com/ethereum/go-ethereum/core/vm/evm.go:274.4,274.15 1 0
github.com/ethereum/go-ethereum/core/vm/evm.go:277.3,277.65 1 0
github.com/ethereum/go-ethereum/core/vm/evm.go:277.65,280.4 1 0
github.com/ethereum/go-ethereum/core/vm/evm.go:281.3,281.34 1 0
github.com/ethereum/go-ethereum/core/vm/evm.go:283.2,285.18 2 1
github.com/ethereum/go-ethereum/core/vm/evm.go:285.18,287.3 1 0
github.com/ethereum/go-ethereum/core/vm/evm.go:287.8,290.21 2 1
github.com/ethereum/go-ethereum/core/vm/evm.go:290.21,292.4 1 0
github.com/ethereum/go-ethereum/core/vm/evm.go:292.9,299.4 5 1
github.com/ethereum/go-ethereum/core/vm/evm.go:304.2,304.16 1 1
github.com/ethereum/go-ethereum/core/vm/evm.go:304.16,306.34 2 1
github.com/ethereum/go-ethereum/core/vm/evm.go:306.34,307.72 1 1
github.com/ethereum/go-ethereum/core/vm/evm.go:307.72,309.5 1 0
github.com/ethereum/go-ethereum/core/vm/evm.go:311.4,311.11 1 1
github.com/ethereum/go-ethereum/core/vm/evm.go:317.2,317.22 1 1
github.com/ethereum/go-ethereum/core/vm/evm.go:327.160,329.30 1 0
github.com/ethereum/go-ethereum/core/vm/evm.go:329.30,331.31 2 0
github.com/ethereum/go-ethereum/core/vm/evm.go:331.31,333.4 1 0
github.com/ethereum/go-ethereum/core/vm/evm.go:336.2,336.45 1 0
github.com/ethereum/go-ethereum/core/vm/evm.go:336.45,338.3 1 0
github.com/ethereum/go-ethereum/core/vm/evm.go:343.2,343.58 1 0
github.com/ethereum/go-ethereum/core/vm/evm.go:343.58,345.3 1 0
github.com/ethereum/go-ethereum/core/vm/evm.go:346.2,349.59 2 0
github.com/ethereum/go-ethereum/core/vm/evm.go:349.59,351.3 1 0
github.com/ethereum/go-ethereum/core/vm/evm.go:351.8,358.3 4 0
github.com/ethereum/go-ethereum/core/vm/evm.go:359.2,359.16 1 0
github.com/ethereum/go-ethereum/core/vm/evm.go:359.16,361.34 2 0
github.com/ethereum/go-ethereum/core/vm/evm.go:361.34,362.72 1 0
github.com/ethereum/go-ethereum/core/vm/evm.go:362.72,364.5 1 0
github.com/ethereum/go-ethereum/core/vm/evm.go:365.4,365.11 1 0
github.com/ethereum/go-ethereum/core/vm/evm.go:368.2,368.22 1 0
github.com/ethereum/go-ethereum/core/vm/evm.go:376.193,378.30 1 0
github.com/ethereum/go-ethereum/core/vm/evm.go:378.30,381.31 2 0
github.com/ethereum/go-ethereum/core/vm/evm.go:381.31,383.4 1 0
github.com/ethereum/go-ethereum/core/vm/evm.go:386.2,386.45 1 0
github.com/ethereum/go-ethereum/core/vm/evm.go:386.45,388.3 1 0
github.com/ethereum/go-ethereum/core/vm/evm.go:389.2,392.59 2 0
github.com/ethereum/go-ethereum/core/vm/evm.go:392.59,394.3 1 0
github.com/ethereum/go-ethereum/core/vm/evm.go:394.8,402.3 4 0
github.com/ethereum/go-ethereum/core/vm/evm.go:403.2,403.16 1 0
github.com/ethereum/go-ethereum/core/vm/evm.go:403.16,405.34 2 0
github.com/ethereum/go-ethereum/core/vm/evm.go:405.34,406.72 1 0
github.com/ethereum/go-ethereum/core/vm/evm.go:406.72,408.5 1 0
github.com/ethereum/go-ethereum/core/vm/evm.go:409.4,409.11 1 0
github.com/ethereum/go-ethereum/core/vm/evm.go:412.2,412.22 1 0
github.com/ethereum/go-ethereum/core/vm/evm.go:419.142,421.30 1 0
github.com/ethereum/go-ethereum/core/vm/evm.go:421.30,423.31 2 0
github.com/ethereum/go-ethereum/core/vm/evm.go:423.31,425.4 1 0
github.com/ethereum/go-ethereum/core/vm/evm.go:428.2,428.45 1 0
github.com/ethereum/go-ethereum/core/vm/evm.go:428.45,430.3 1 0
github.com/ethereum/go-ethereum/core/vm/evm.go:436.2,444.59 3 0
github.com/ethereum/go-ethereum/core/vm/evm.go:444.59,446.3 1 0
github.com/ethereum/go-ethereum/core/vm/evm.go:446.8,457.3 4 0
github.com/ethereum/go-ethereum/core/vm/evm.go:458.2,458.16 1 0
github.com/ethereum/go-ethereum/core/vm/evm.go:458.16,460.34 2 0
github.com/ethereum/go-ethereum/core/vm/evm.go:460.34,461.72 1 0
github.com/ethereum/go-ethereum/core/vm/evm.go:461.72,463.5 1 0
github.com/ethereum/go-ethereum/core/vm/evm.go:465.4,465.11 1 0
github.com/ethereum/go-ethereum/core/vm/evm.go:468.2,468.22 1 0
github.com/ethereum/go-ethereum/core/vm/evm.go:472.202,473.30 1 1
github.com/ethereum/go-ethereum/core/vm/evm.go:473.30,475.31 2 0
github.com/ethereum/go-ethereum/core/vm/evm.go:475.31,477.4 1 0
github.com/ethereum/go-ethereum/core/vm/evm.go:481.2,481.45 1 1
github.com/ethereum/go-ethereum/core/vm/evm.go:481.45,483.3 1 0
github.com/ethereum/go-ethereum/core/vm/evm.go:484.2,484.58 1 1
github.com/ethereum/go-ethereum/core/vm/evm.go:484.58,486.3 1 0
github.com/ethereum/go-ethereum/core/vm/evm.go:487.2,488.21 2 1
github.com/ethereum/go-ethereum/core/vm/evm.go:488.21,490.3 1 0
github.com/ethereum/go-ethereum/core/vm/evm.go:491.2,494.30 2 1
github.com/ethereum/go-ethereum/core/vm/evm.go:494.30,496.25 2 0
github.com/ethereum/go-ethereum/core/vm/evm.go:496.25,498.4 1 0
github.com/ethereum/go-ethereum/core/vm/evm.go:499.3,499.71 1 0
github.com/ethereum/go-ethereum/core/vm/evm.go:499.71,501.4 1 0
github.com/ethereum/go-ethereum/core/vm/evm.go:502.3,502.27 1 0
github.com/ethereum/go-ethereum/core/vm/evm.go:507.2,507.30 1 1
github.com/ethereum/go-ethereum/core/vm/evm.go:507.30,509.3 1 1
github.com/ethereum/go-ethereum/core/vm/evm.go:515.2,519.74 3 1
github.com/ethereum/go-ethereum/core/vm/evm.go:519.74,520.71 1 0
github.com/ethereum/go-ethereum/core/vm/evm.go:520.71,522.4 1 0
github.com/ethereum/go-ethereum/core/vm/evm.go:523.3,523.63 1 0
github.com/ethereum/go-ethereum/core/vm/evm.go:528.2,529.33 2 1
github.com/ethereum/go-ethereum/core/vm/evm.go:529.33,531.3 1 1
github.com/ethereum/go-ethereum/core/vm/evm.go:536.2,538.29 2 1
github.com/ethereum/go-ethereum/core/vm/evm.go:538.29,540.3 1 1
github.com/ethereum/go-ethereum/core/vm/evm.go:542.2,542.30 1 1
github.com/ethereum/go-ethereum/core/vm/evm.go:542.30,544.24 2 0
github.com/ethereum/go-ethereum/core/vm/evm.go:544.24,546.4 1 0
github.com/ethereum/go-ethereum/core/vm/evm.go:547.3,547.71 1 0
github.com/ethereum/go-ethereum/core/vm/evm.go:547.71,549.4 1 0
github.com/ethereum/go-ethereum/core/vm/evm.go:550.3,550.23 1 0
github.com/ethereum/go-ethereum/core/vm/evm.go:552.2,564.79 6 1
github.com/ethereum/go-ethereum/core/vm/evm.go:564.79,566.34 2 0
github.com/ethereum/go-ethereum/core/vm/evm.go:566.34,568.4 1 0
github.com/ethereum/go-ethereum/core/vm/evm.go:570.2,570.40 1 1
github.com/ethereum/go-ethereum/core/vm/evm.go:575.93,577.16 2 1
github.com/ethereum/go-ethereum/core/vm/evm.go:577.16,579.3 1 0
github.com/ethereum/go-ethereum/core/vm/evm.go:582.2,582.62 1 1
github.com/ethereum/go-ethereum/core/vm/evm.go:582.62,584.3 1 0
github.com/ethereum/go-ethereum/core/vm/evm.go:587.2,587.64 1 1
github.com/ethereum/go-ethereum/core/vm/evm.go:587.64,589.3 1 0
github.com/ethereum/go-ethereum/core/vm/evm.go:591.2,591.31 1 1
github.com/ethereum/go-ethereum/core/vm/evm.go:591.31,593.91 2 1
github.com/ethereum/go-ethereum/core/vm/evm.go:593.91,595.4 1 0
github.com/ethereum/go-ethereum/core/vm/evm.go:596.8,599.42 3 0
github.com/ethereum/go-ethereum/core/vm/evm.go:599.42,601.4 1 0
github.com/ethereum/go-ethereum/core/vm/evm.go:604.2,604.18 1 1
github.com/ethereum/go-ethereum/core/vm/evm.go:604.18,606.3 1 0
github.com/ethereum/go-ethereum/core/vm/evm.go:607.2,607.17 1 1
github.com/ethereum/go-ethereum/core/vm/evm.go:611.165,614.2 2 1
github.com/ethereum/go-ethereum/core/vm/evm.go:620.189,624.2 3 1
github.com/ethereum/go-ethereum/core/vm/evm.go:628.57,630.30 2 1
github.com/ethereum/go-ethereum/core/vm/evm.go:630.30,632.3 1 1
github.com/ethereum/go-ethereum/core/vm/evm.go:633.2,633.51 1 0
github.com/ethereum/go-ethereum/core/vm/evm.go:633.51,636.3 1 0
github.com/ethereum/go-ethereum/core/vm/evm.go:637.2,637.13 1 0
github.com/ethereum/go-ethereum/core/vm/evm.go:644.66,645.29 1 1
github.com/ethereum/go-ethereum/core/vm/evm.go:645.29,647.52 2 0
github.com/ethereum/go-ethereum/core/vm/evm.go:647.52,650.4 1 0
github.com/ethereum/go-ethereum/core/vm/evm.go:652.2,652.38 1 1
github.com/ethereum/go-ethereum/core/vm/evm.go:656.51,656.77 1 0
github.com/ethereum/go-ethereum/core/vm/evm.go:658.140,660.27 2 0
github.com/ethereum/go-ethereum/core/vm/evm.go:660.27,662.3 1 0
github.com/ethereum/go-ethereum/core/vm/evm.go:663.2,663.31 1 0
github.com/ethereum/go-ethereum/core/vm/evm.go:663.31,665.3 1 0
github.com/ethereum/go-ethereum/core/vm/evm.go:668.99,670.51 2 0
github.com/ethereum/go-ethereum/core/vm/evm.go:670.51,672.3 1 0
github.com/ethereum/go-ethereum/core/vm/evm.go:673.2,674.16 2 0
github.com/ethereum/go-ethereum/core/vm/evm.go:674.16,676.3 1 0
github.com/ethereum/go-ethereum/core/vm/evm.go:677.2,677.73 1 0
github.com/ethereum/go-ethereum/core/vm/evm.go:677.73,679.3 1 0
github.com/ethereum/go-ethereum/core/vm/evm.go:680.2,680.26 1 0
github.com/ethereum/go-ethereum/core/vm/evm.go:680.26,682.3 1 0
github.com/ethereum/go-ethereum/core/vm/evm.go:687.51,696.2 1 0
github.com/ethereum/go-ethereum/core/vm/gas.go:38.95,39.14 1 0
github.com/ethereum/go-ethereum/core/vm/gas.go:39.14,45.54 3 0
github.com/ethereum/go-ethereum/core/vm/gas.go:45.54,47.4 1 0
github.com/ethereum/go-ethereum/core/vm/gas.go:49.2,49.26 1 0
github.com/ethereum/go-ethereum/core/vm/gas.go:49.26,51.3 1 0
github.com/ethereum/go-ethereum/core/vm/gas.go:53.2,53.31 1 0
github.com/ethereum/go-ethereum/core/vm/gas_table.go:30.68,31.21 1 1
github.com/ethereum/go-ethereum/core/vm/gas_table.go:31.21,33.3 1 1
github.com/ethereum/go-ethereum/core/vm/gas_table.go:39.2,39.31 1 1
github.com/ethereum/go-ethereum/core/vm/gas_table.go:39.31,41.3 1 1
github.com/ethereum/go-ethereum/core/vm/gas_table.go:42.2,45.36 3 1
github.com/ethereum/go-ethereum/core/vm/gas_table.go:45.36,55.3 7 1
github.com/ethereum/go-ethereum/core/vm/gas_table.go:56.2,56.15 1 1
github.com/ethereum/go-ethereum/core/vm/gas_table.go:67.44,68.106 1 1
github.com/ethereum/go-ethereum/core/vm/gas_table.go:68.106,71.17 2 1
github.com/ethereum/go-ethereum/core/vm/gas_table.go:71.17,73.4 1 0
github.com/ethereum/go-ethereum/core/vm/gas_table.go:75.3,76.15 2 1
github.com/ethereum/go-ethereum/core/vm/gas_table.go:76.15,78.4 1 0
github.com/ethereum/go-ethereum/core/vm/gas_table.go:80.3,80.82 1 1
github.com/ethereum/go-ethereum/core/vm/gas_table.go:80.82,82.4 1 0
github.com/ethereum/go-ethereum/core/vm/gas_table.go:84.3,84.57 1 1
github.com/ethereum/go-ethereum/core/vm/gas_table.go:84.57,86.4 1 0
github.com/ethereum/go-ethereum/core/vm/gas_table.go:87.3,87.18 1 1
github.com/ethereum/go-ethereum/core/vm/gas_table.go:99.108,100.18 1 0
github.com/ethereum/go-ethereum/core/vm/gas_table.go:100.18,102.3 1 0
github.com/ethereum/go-ethereum/core/vm/gas_table.go:103.2,110.69 2 0
github.com/ethereum/go-ethereum/core/vm/gas_table.go:110.69,116.10 1 0
github.com/ethereum/go-ethereum/core/vm/gas_table.go:117.52,118.35 1 0
github.com/ethereum/go-ethereum/core/vm/gas_table.go:119.52,121.37 2 0
github.com/ethereum/go-ethereum/core/vm/gas_table.go:122.11,123.37 1 0
github.com/ethereum/go-ethereum/core/vm/gas_table.go:141.2,142.22 2 0
github.com/ethereum/go-ethereum/core/vm/gas_table.go:142.22,144.3 1 0
github.com/ethereum/go-ethereum/core/vm/gas_table.go:145.2,145.25 1 0
github.com/ethereum/go-ethereum/core/vm/gas_table.go:145.25,146.34 1 0
github.com/ethereum/go-ethereum/core/vm/gas_table.go:146.34,148.4 1 0
github.com/ethereum/go-ethereum/core/vm/gas_table.go:149.3,149.31 1 0
github.com/ethereum/go-ethereum/core/vm/gas_table.go:149.31,151.4 1 0
github.com/ethereum/go-ethereum/core/vm/gas_table.go:152.3,152.39 1 0
github.com/ethereum/go-ethereum/core/vm/gas_table.go:154.2,154.33 1 0
github.com/ethereum/go-ethereum/core/vm/gas_table.go:154.33,155.33 1 0
github.com/ethereum/go-ethereum/core/vm/gas_table.go:155.33,157.4 1 0
github.com/ethereum/go-ethereum/core/vm/gas_table.go:157.9,157.38 1 0
github.com/ethereum/go-ethereum/core/vm/gas_table.go:157.38,159.4 1 0
github.com/ethereum/go-ethereum/core/vm/gas_table.go:161.2,161.23 1 0
github.com/ethereum/go-ethereum/core/vm/gas_table.go:161.23,162.34 1 0
github.com/ethereum/go-ethereum/core/vm/gas_table.go:162.34,164.4 1 0
github.com/ethereum/go-ethereum/core/vm/gas_table.go:164.9,166.4 1 0
github.com/ethereum/go-ethereum/core/vm/gas_table.go:168.2,168.38 1 0
github.com/ethereum/go-ethereum/core/vm/gas_table.go:186.115,187.18 1 1
github.com/ethereum/go-ethereum/core/vm/gas_table.go:187.18,189.3 1 0
github.com/ethereum/go-ethereum/core/vm/gas_table.go:191.2,191.51 1 1
github.com/ethereum/go-ethereum/core/vm/gas_table.go:191.51,193.3 1 1
github.com/ethereum/go-ethereum/core/vm/gas_table.go:195.2,201.22 3 1
github.com/ethereum/go-ethereum/core/vm/gas_table.go:201.22,203.3 1 1
github.com/ethereum/go-ethereum/core/vm/gas_table.go:204.2,204.25 1 1
github.com/ethereum/go-ethereum/core/vm/gas_table.go:204.25,205.34 1 1
github.com/ethereum/go-ethereum/core/vm/gas_table.go:205.34,207.4 1 1
github.com/ethereum/go-ethereum/core/vm/gas_table.go:208.3,208.31 1 1
github.com/ethereum/go-ethereum/core/vm/gas_table.go:208.31,210.4 1 1
github.com/ethereum/go-ethereum/core/vm/gas_table.go:211.3,211.43 1 1
github.com/ethereum/go-ethereum/core/vm/gas_table.go:213.2,213.33 1 1
github.com/ethereum/go-ethereum/core/vm/gas_table.go:213.33,214.33 1 1
github.com/ethereum/go-ethereum/core/vm/gas_table.go:214.33,216.4 1 1
github.com/ethereum/go-ethereum/core/vm/gas_table.go:216.9,216.38 1 1
github.com/ethereum/go-ethereum/core/vm/gas_table.go:216.38,218.4 1 1
github.com/ethereum/go-ethereum/core/vm/gas_table.go:220.2,220.23 1 1
github.com/ethereum/go-ethereum/core/vm/gas_table.go:220.23,221.34 1 1
github.com/ethereum/go-ethereum/core/vm/gas_table.go:221.34,223.4 1 1
github.com/ethereum/go-ethereum/core/vm/gas_table.go:223.9,225.4 1 1
github.com/ethereum/go-ethereum/core/vm/gas_table.go:227.2,227.36 1 1
github.com/ethereum/go-ethereum/core/vm/gas_table.go:230.35,231.106 1 1
github.com/ethereum/go-ethereum/core/vm/gas_table.go:231.106,233.15 2 0
github.com/ethereum/go-ethereum/core/vm/gas_table.go:233.15,235.4 1 0
github.com/ethereum/go-ethereum/core/vm/gas_table.go:237.3,238.17 2 0
github.com/ethereum/go-ethereum/core/vm/gas_table.go:238.17,240.4 1 0
github.com/ethereum/go-ethereum/core/vm/gas_table.go:242.3,242.65 1 0
github.com/ethereum/go-ethereum/core/vm/gas_table.go:242.65,244.4 1 0
github.com/ethereum/go-ethereum/core/vm/gas_table.go:245.3,245.72 1 0
github.com/ethereum/go-ethereum/core/vm/gas_table.go:245.72,247.4 1 0
github.com/ethereum/go-ethereum/core/vm/gas_table.go:249.3,250.89 2 0
github.com/ethereum/go-ethereum/core/vm/gas_table.go:250.89,252.4 1 0
github.com/ethereum/go-ethereum/core/vm/gas_table.go:253.3,253.65 1 0
github.com/ethereum/go-ethereum/core/vm/gas_table.go:253.65,255.4 1 0
github.com/ethereum/go-ethereum/core/vm/gas_table.go:256.3,256.18 1 0
github.com/ethereum/go-ethereum/core/vm/gas_table.go:260.111,262.16 2 0
github.com/ethereum/go-ethereum/core/vm/gas_table.go:262.16,264.3 1 0
github.com/ethereum/go-ethereum/core/vm/gas_table.go:265.2,266.14 2 0
github.com/ethereum/go-ethereum/core/vm/gas_table.go:266.14,268.3 1 0
github.com/ethereum/go-ethereum/core/vm/gas_table.go:269.2,269.94 1 0
github.com/ethereum/go-ethereum/core/vm/gas_table.go:269.94,271.3 1 0
github.com/ethereum/go-ethereum/core/vm/gas_table.go:272.2,272.58 1 0
github.com/ethereum/go-ethereum/core/vm/gas_table.go:272.58,274.3 1 0
github.com/ethereum/go-ethereum/core/vm/gas_table.go:275.2,275.17 1 0
github.com/ethereum/go-ethereum/core/vm/gas_table.go:281.116,283.2 1 1
github.com/ethereum/go-ethereum/core/vm/gas_table.go:294.109,296.16 2 1
github.com/ethereum/go-ethereum/core/vm/gas_table.go:296.16,298.3 1 0
github.com/ethereum/go-ethereum/core/vm/gas_table.go:299.2,300.14 2 1
github.com/ethereum/go-ethereum/core/vm/gas_table.go:300.14,302.3 1 0
github.com/ethereum/go-ethereum/core/vm/gas_table.go:303.2,303.94 1 1
github.com/ethereum/go-ethereum/core/vm/gas_table.go:303.94,305.3 1 0
github.com/ethereum/go-ethereum/core/vm/gas_table.go:306.2,306.58 1 1
github.com/ethereum/go-ethereum/core/vm/gas_table.go:306.58,308.3 1 0
github.com/ethereum/go-ethereum/core/vm/gas_table.go:309.2,309.17 1 1
github.com/ethereum/go-ethereum/core/vm/gas_table.go:312.115,314.16 2 1
github.com/ethereum/go-ethereum/core/vm/gas_table.go:314.16,316.3 1 0
github.com/ethereum/go-ethereum/core/vm/gas_table.go:317.2,318.14 2 1
github.com/ethereum/go-ethereum/core/vm/gas_table.go:318.14,320.3 1 0
github.com/ethereum/go-ethereum/core/vm/gas_table.go:321.2,321.35 1 1
github.com/ethereum/go-ethereum/core/vm/gas_table.go:321.35,323.3 1 0
github.com/ethereum/go-ethereum/core/vm/gas_table.go:325.2,326.58 2 1
github.com/ethereum/go-ethereum/core/vm/gas_table.go:326.58,328.3 1 0
github.com/ethereum/go-ethereum/core/vm/gas_table.go:329.2,329.17 1 1
github.com/ethereum/go-ethereum/core/vm/gas_table.go:331.116,333.16 2 1
github.com/ethereum/go-ethereum/core/vm/gas_table.go:333.16,335.3 1 0
github.com/ethereum/go-ethereum/core/vm/gas_table.go:336.2,337.14 2 1
github.com/ethereum/go-ethereum/core/vm/gas_table.go:337.14,339.3 1 0
github.com/ethereum/go-ethereum/core/vm/gas_table.go:340.2,340.35 1 1
github.com/ethereum/go-ethereum/core/vm/gas_table.go:340.35,342.3 1 1
github.com/ethereum/go-ethereum/core/vm/gas_table.go:344.2,345.58 2 1
github.com/ethereum/go-ethereum/core/vm/gas_table.go:345.58,347.3 1 0
github.com/ethereum/go-ethereum/core/vm/gas_table.go:348.2,348.17 1 1
github.com/ethereum/go-ethereum/core/vm/gas_table.go:351.113,358.64 3 0
github.com/ethereum/go-ethereum/core/vm/gas_table.go:358.64,360.3 1 0
github.com/ethereum/go-ethereum/core/vm/gas_table.go:361.2,361.17 1 0
github.com/ethereum/go-ethereum/core/vm/gas_table.go:364.111,371.64 3 0
github.com/ethereum/go-ethereum/core/vm/gas_table.go:371.64,373.3 1 0
github.com/ethereum/go-ethereum/core/vm/gas_table.go:374.2,374.17 1 0
github.com/ethereum/go-ethereum/core/vm/gas_table.go:377.106,383.36 2 0
github.com/ethereum/go-ethereum/core/vm/gas_table.go:383.36,385.3 1 0
github.com/ethereum/go-ethereum/core/vm/gas_table.go:387.2,387.29 1 0
github.com/ethereum/go-ethereum/core/vm/gas_table.go:387.29,388.51 1 0
github.com/ethereum/go-ethereum/core/vm/gas_table.go:388.51,390.4 1 0
github.com/ethereum/go-ethereum/core/vm/gas_table.go:391.8,391.40 1 0
github.com/ethereum/go-ethereum/core/vm/gas_table.go:391.40,393.3 1 0
github.com/ethereum/go-ethereum/core/vm/gas_table.go:394.2,394.49 1 0
github.com/ethereum/go-ethereum/core/vm/gas_table.go:394.49,396.3 1 0
github.com/ethereum/go-ethereum/core/vm/gas_table.go:397.2,398.16 2 0
github.com/ethereum/go-ethereum/core/vm/gas_table.go:398.16,400.3 1 0
github.com/ethereum/go-ethereum/core/vm/gas_table.go:401.2,402.60 2 0
github.com/ethereum/go-ethereum/core/vm/gas_table.go:402.60,404.3 1 0
github.com/ethereum/go-ethereum/core/vm/gas_table.go:406.2,407.16 2 0
github.com/ethereum/go-ethereum/core/vm/gas_table.go:407.16,409.3 1 0
github.com/ethereum/go-ethereum/core/vm/gas_table.go:410.2,410.66 1 0
github.com/ethereum/go-ethereum/core/vm/gas_table.go:410.66,412.3 1 0
github.com/ethereum/go-ethereum/core/vm/gas_table.go:414.2,414.17 1 0
github.com/ethereum/go-ethereum/core/vm/gas_table.go:417.110,419.16 2 0
github.com/ethereum/go-ethereum/core/vm/gas_table.go:419.16,421.3 1 0
github.com/ethereum/go-ethereum/core/vm/gas_table.go:422.2,426.60 2 0
github.com/ethereum/go-ethereum/core/vm/gas_table.go:426.60,428.3 1 0
github.com/ethereum/go-ethereum/core/vm/gas_table.go:429.2,429.60 1 0
github.com/ethereum/go-ethereum/core/vm/gas_table.go:429.60,431.3 1 0
github.com/ethereum/go-ethereum/core/vm/gas_table.go:432.2,433.16 2 0
github.com/ethereum/go-ethereum/core/vm/gas_table.go:433.16,435.3 1 0
github.com/ethereum/go-ethereum/core/vm/gas_table.go:436.2,436.66 1 0
github.com/ethereum/go-ethereum/core/vm/gas_table.go:436.66,438.3 1 0
github.com/ethereum/go-ethereum/core/vm/gas_table.go:439.2,439.17 1 0
github.com/ethereum/go-ethereum/core/vm/gas_table.go:442.114,444.16 2 0
github.com/ethereum/go-ethereum/core/vm/gas_table.go:444.16,446.3 1 0
github.com/ethereum/go-ethereum/core/vm/gas_table.go:447.2,448.16 2 0
github.com/ethereum/go-ethereum/core/vm/gas_table.go:448.16,450.3 1 0
github.com/ethereum/go-ethereum/core/vm/gas_table.go:451.2,452.66 2 0
github.com/ethereum/go-ethereum/core/vm/gas_table.go:452.66,454.3 1 0
github.com/ethereum/go-ethereum/core/vm/gas_table.go:455.2,455.17 1 0
github.com/ethereum/go-ethereum/core/vm/gas_table.go:458.112,460.16 2 0
github.com/ethereum/go-ethereum/core/vm/gas_table.go:460.16,462.3 1 0
github.com/ethereum/go-ethereum/core/vm/gas_table.go:463.2,464.16 2 0
github.com/ethereum/go-ethereum/core/vm/gas_table.go:464.16,466.3 1 0
github.com/ethereum/go-ethereum/core/vm/gas_table.go:467.2,468.66 2 0
github.com/ethereum/go-ethereum/core/vm/gas_table.go:468.66,470.3 1 0
github.com/ethereum/go-ethereum/core/vm/gas_table.go:471.2,471.17 1 0
github.com/ethereum/go-ethereum/core/vm/gas_table.go:474.114,475.18 1 0
github.com/ethereum/go-ethereum/core/vm/gas_table.go:475.18,477.3 1 0
github.com/ethereum/go-ethereum/core/vm/gas_table.go:479.2,481.29 2 0
github.com/ethereum/go-ethereum/core/vm/gas_table.go:481.29,485.30 3 0
github.com/ethereum/go-ethereum/core/vm/gas_table.go:485.30,487.92 1 0
github.com/ethereum/go-ethereum/core/vm/gas_table.go:487.92,489.5 1 0
github.com/ethereum/go-ethereum/core/vm/gas_table.go:490.9,490.41 1 0
github.com/ethereum/go-ethereum/core/vm/gas_table.go:490.41,492.4 1 0
github.com/ethereum/go-ethereum/core/vm/gas_table.go:495.2,495.56 1 0
github.com/ethereum/go-ethereum/core/vm/gas_table.go:495.56,497.3 1 0
github.com/ethereum/go-ethereum/core/vm/gas_table.go:498.2,498.17 1 0
github.com/ethereum/go-ethereum/core/vm/instructions.go:29.71,33.2 3 1
github.com/ethereum/go-ethereum/core/vm/instructions.go:35.71,39.2 3 1
github.com/ethereum/go-ethereum/core/vm/instructions.go:41.71,45.2 3 1
github.com/ethereum/go-ethereum/core/vm/instructions.go:47.71,51.2 3 1
github.com/ethereum/go-ethereum/core/vm/instructions.go:53.72,57.2 3 1
github.com/ethereum/go-ethereum/core/vm/instructions.go:59.71,63.2 3 1
github.com/ethereum/go-ethereum/core/vm/instructions.go:65.72,69.2 3 1
github.com/ethereum/go-ethereum/core/vm/instructions.go:71.71,75.2 3 1
github.com/ethereum/go-ethereum/core/vm/instructions.go:77.78,81.2 3 1
github.com/ethereum/go-ethereum/core/vm/instructions.go:83.71,87.2 3 0
github.com/ethereum/go-ethereum/core/vm/instructions.go:89.70,91.13 2 1
github.com/ethereum/go-ethereum/core/vm/instructions.go:91.13,93.3 1 1
github.com/ethereum/go-ethereum/core/vm/instructions.go:93.8,95.3 1 1
github.com/ethereum/go-ethereum/core/vm/instructions.go:96.2,96.17 1 1
github.com/ethereum/go-ethereum/core/vm/instructions.go:99.70,101.13 2 1
github.com/ethereum/go-ethereum/core/vm/instructions.go:101.13,103.3 1 1
github.com/ethereum/go-ethereum/core/vm/instructions.go:103.8,105.3 1 1
github.com/ethereum/go-ethereum/core/vm/instructions.go:106.2,106.17 1 1
github.com/ethereum/go-ethereum/core/vm/instructions.go:109.71,111.14 2 1
github.com/ethereum/go-ethereum/core/vm/instructions.go:111.14,113.3 1 1
github.com/ethereum/go-ethereum/core/vm/instructions.go:113.8,115.3 1 1
github.com/ethereum/go-ethereum/core/vm/instructions.go:116.2,116.17 1 1
github.com/ethereum/go-ethereum/core/vm/instructions.go:119.71,121.14 2 1
github.com/ethereum/go-ethereum/core/vm/instructions.go:121.14,123.3 1 1
github.com/ethereum/go-ethereum/core/vm/instructions.go:123.8,125.3 1 1
github.com/ethereum/go-ethereum/core/vm/instructions.go:126.2,126.17 1 1
github.com/ethereum/go-ethereum/core/vm/instructions.go:129.70,131.13 2 1
github.com/ethereum/go-ethereum/core/vm/instructions.go:131.13,133.3 1 1
github.com/ethereum/go-ethereum/core/vm/instructions.go:133.8,135.3 1 1
github.com/ethereum/go-ethereum/core/vm/instructions.go:136.2,136.17 1 1
github.com/ethereum/go-ethereum/core/vm/instructions.go:139.74,141.16 2 1
github.com/ethereum/go-ethereum/core/vm/instructions.go:141.16,143.3 1 1
github.com/ethereum/go-ethereum/core/vm/instructions.go:143.8,145.3 1 0
github.com/ethereum/go-ethereum/core/vm/instructions.go:146.2,146.17 1 1
github.com/ethereum/go-ethereum/core/vm/instructions.go:149.71,153.2 3 1
github.com/ethereum/go-ethereum/core/vm/instructions.go:155.70,159.2 3 1
github.com/ethereum/go-ethereum/core/vm/instructions.go:161.71,165.2 3 1
github.com/ethereum/go-ethereum/core/vm/instructions.go:167.72,171.2 3 1
github.com/ethereum/go-ethereum/core/vm/instructions.go:173.74,177.2 3 1
github.com/ethereum/go-ethereum/core/vm/instructions.go:179.74,183.2 3 0
github.com/ethereum/go-ethereum/core/vm/instructions.go:188.71,191.25 2 1
github.com/ethereum/go-ethereum/core/vm/instructions.go:191.25,193.3 1 1
github.com/ethereum/go-ethereum/core/vm/instructions.go:193.8,195.3 1 1
github.com/ethereum/go-ethereum/core/vm/instructions.go:196.2,196.17 1 1
github.com/ethereum/go-ethereum/core/vm/instructions.go:202.71,205.25 2 1
github.com/ethereum/go-ethereum/core/vm/instructions.go:205.25,207.3 1 1
github.com/ethereum/go-ethereum/core/vm/instructions.go:207.8,209.3 1 1
github.com/ethereum/go-ethereum/core/vm/instructions.go:210.2,210.17 1 1
github.com/ethereum/go-ethereum/core/vm/instructions.go:216.71,218.25 2 1
github.com/ethereum/go-ethereum/core/vm/instructions.go:218.25,219.24 1 1
github.com/ethereum/go-ethereum/core/vm/instructions.go:219.24,221.4 1 1
github.com/ethereum/go-ethereum/core/vm/instructions.go:221.9,224.4 1 1
github.com/ethereum/go-ethereum/core/vm/instructions.go:225.3,225.18 1 1
github.com/ethereum/go-ethereum/core/vm/instructions.go:227.2,229.17 3 1
github.com/ethereum/go-ethereum/core/vm/instructions.go:232.77,240.40 6 0
github.com/ethereum/go-ethereum/core/vm/instructions.go:240.40,242.3 1 0
github.com/ethereum/go-ethereum/core/vm/instructions.go:243.2,244.17 2 0
github.com/ethereum/go-ethereum/core/vm/instructions.go:247.75,250.2 2 0
github.com/ethereum/go-ethereum/core/vm/instructions.go:252.75,257.2 4 0
github.com/ethereum/go-ethereum/core/vm/instructions.go:259.74,262.2 2 0
github.com/ethereum/go-ethereum/core/vm/instructions.go:264.74,267.2 2 0
github.com/ethereum/go-ethereum/core/vm/instructions.go:269.77,272.2 2 0
github.com/ethereum/go-ethereum/core/vm/instructions.go:274.80,276.59 2 0
github.com/ethereum/go-ethereum/core/vm/instructions.go:276.59,279.3 2 0
github.com/ethereum/go-ethereum/core/vm/instructions.go:279.8,281.3 1 0
github.com/ethereum/go-ethereum/core/vm/instructions.go:282.2,282.17 1 0
github.com/ethereum/go-ethereum/core/vm/instructions.go:285.80,288.2 2 0
github.com/ethereum/go-ethereum/core/vm/instructions.go:290.80,297.14 3 0
github.com/ethereum/go-ethereum/core/vm/instructions.go:297.14,299.3 1 0
github.com/ethereum/go-ethereum/core/vm/instructions.go:301.2,305.17 4 0
github.com/ethereum/go-ethereum/core/vm/instructions.go:308.82,311.2 2 0
github.com/ethereum/go-ethereum/core/vm/instructions.go:313.82,321.14 3 0
github.com/ethereum/go-ethereum/core/vm/instructions.go:321.14,323.3 1 0
github.com/ethereum/go-ethereum/core/vm/instructions.go:325.2,328.53 4 0
github.com/ethereum/go-ethereum/core/vm/instructions.go:328.53,330.3 1 0
github.com/ethereum/go-ethereum/core/vm/instructions.go:331.2,332.17 2 0
github.com/ethereum/go-ethereum/core/vm/instructions.go:335.79,339.2 3 0
github.com/ethereum/go-ethereum/core/vm/instructions.go:341.76,344.2 2 0
github.com/ethereum/go-ethereum/core/vm/instructions.go:346.76,353.14 3 0
github.com/ethereum/go-ethereum/core/vm/instructions.go:353.14,355.3 1 0
github.com/ethereum/go-ethereum/core/vm/instructions.go:357.2,359.17 3 0
github.com/ethereum/go-ethereum/core/vm/instructions.go:362.79,371.14 3 0
github.com/ethereum/go-ethereum/core/vm/instructions.go:371.14,373.3 1 0
github.com/ethereum/go-ethereum/core/vm/instructions.go:374.2,379.17 5 0
github.com/ethereum/go-ethereum/core/vm/instructions.go:408.79,411.32 3 0
github.com/ethereum/go-ethereum/core/vm/instructions.go:411.32,413.3 1 0
github.com/ethereum/go-ethereum/core/vm/instructions.go:413.8,415.3 1 0
github.com/ethereum/go-ethereum/core/vm/instructions.go:416.2,416.17 1 0
github.com/ethereum/go-ethereum/core/vm/instructions.go:419.76,423.2 3 0
github.com/ethereum/go-ethereum/core/vm/instructions.go:425.77,428.14 3 0
github.com/ethereum/go-ethereum/core/vm/instructions.go:428.14,431.3 2 0
github.com/ethereum/go-ethereum/core/vm/instructions.go:433.2,435.17 3 0
github.com/ethereum/go-ethereum/core/vm/instructions.go:435.17,437.3 1 0
github.com/ethereum/go-ethereum/core/vm/instructions.go:437.8,439.3 1 0
github.com/ethereum/go-ethereum/core/vm/instructions.go:440.2,440.37 1 0
github.com/ethereum/go-ethereum/core/vm/instructions.go:440.37,442.55 2 0
github.com/ethereum/go-ethereum/core/vm/instructions.go:442.55,444.4 1 0
github.com/ethereum/go-ethereum/core/vm/instructions.go:445.3,445.82 1 0
github.com/ethereum/go-ethereum/core/vm/instructions.go:445.82,447.4 1 0
github.com/ethereum/go-ethereum/core/vm/instructions.go:448.3,448.23 1 0
github.com/ethereum/go-ethereum/core/vm/instructions.go:449.8,451.3 1 0
github.com/ethereum/go-ethereum/core/vm/instructions.go:452.2,452.17 1 0
github.com/ethereum/go-ethereum/core/vm/instructions.go:455.76,458.2 2 0
github.com/ethereum/go-ethereum/core/vm/instructions.go:460.77,463.2 2 0
github.com/ethereum/go-ethereum/core/vm/instructions.go:465.74,469.2 3 0
github.com/ethereum/go-ethereum/core/vm/instructions.go:471.78,475.2 3 0
github.com/ethereum/go-ethereum/core/vm/instructions.go:477.74,481.2 3 1
github.com/ethereum/go-ethereum/core/vm/instructions.go:483.76,486.2 2 0
github.com/ethereum/go-ethereum/core/vm/instructions.go:488.71,491.2 2 0
github.com/ethereum/go-ethereum/core/vm/instructions.go:493.73,498.2 4 0
github.com/ethereum/go-ethereum/core/vm/instructions.go:500.74,504.2 3 1
github.com/ethereum/go-ethereum/core/vm/instructions.go:506.75,510.2 3 0
github.com/ethereum/go-ethereum/core/vm/instructions.go:512.73,518.2 5 0
github.com/ethereum/go-ethereum/core/vm/instructions.go:520.74,521.18 1 1
github.com/ethereum/go-ethereum/core/vm/instructions.go:521.18,523.3 1 0
github.com/ethereum/go-ethereum/core/vm/instructions.go:524.2,527.17 4 1
github.com/ethereum/go-ethereum/core/vm/instructions.go:530.72,531.22 1 1
github.com/ethereum/go-ethereum/core/vm/instructions.go:531.22,533.3 1 1
github.com/ethereum/go-ethereum/core/vm/instructions.go:534.2,535.41 2 1
github.com/ethereum/go-ethereum/core/vm/instructions.go:535.41,537.3 1 0
github.com/ethereum/go-ethereum/core/vm/instructions.go:538.2,539.17 2 1
github.com/ethereum/go-ethereum/core/vm/instructions.go:542.73,543.22 1 1
github.com/ethereum/go-ethereum/core/vm/instructions.go:543.22,545.3 1 1
github.com/ethereum/go-ethereum/core/vm/instructions.go:546.2,547.20 2 0
github.com/ethereum/go-ethereum/core/vm/instructions.go:547.20,548.42 1 0
github.com/ethereum/go-ethereum/core/vm/instructions.go:548.42,550.4 1 0
github.com/ethereum/go-ethereum/core/vm/instructions.go:551.3,551.25 1 0
github.com/ethereum/go-ethereum/core/vm/instructions.go:553.2,553.17 1 0
github.com/ethereum/go-ethereum/core/vm/instructions.go:556.76,558.2 1 1
github.com/ethereum/go-ethereum/core/vm/instructions.go:560.70,563.2 2 0
github.com/ethereum/go-ethereum/core/vm/instructions.go:565.73,568.2 2 0
github.com/ethereum/go-ethereum/core/vm/instructions.go:570.71,573.2 2 0
github.com/ethereum/go-ethereum/core/vm/instructions.go:575.73,578.2 2 0
github.com/ethereum/go-ethereum/core/vm/instructions.go:580.73,583.2 2 0
github.com/ethereum/go-ethereum/core/vm/instructions.go:585.73,588.2 2 0
github.com/ethereum/go-ethereum/core/vm/instructions.go:590.73,593.2 2 0
github.com/ethereum/go-ethereum/core/vm/instructions.go:595.73,598.2 2 0
github.com/ethereum/go-ethereum/core/vm/instructions.go:600.73,603.2 2 0
github.com/ethereum/go-ethereum/core/vm/instructions.go:605.73,608.2 2 0
github.com/ethereum/go-ethereum/core/vm/instructions.go:610.73,613.2 2 0
github.com/ethereum/go-ethereum/core/vm/instructions.go:615.73,618.2 2 0
github.com/ethereum/go-ethereum/core/vm/instructions.go:620.74,623.2 2 0
github.com/ethereum/go-ethereum/core/vm/instructions.go:625.74,628.2 2 0
github.com/ethereum/go-ethereum/core/vm/instructions.go:630.74,633.2 2 0
github.com/ethereum/go-ethereum/core/vm/instructions.go:635.74,638.2 2 0
github.com/ethereum/go-ethereum/core/vm/instructions.go:640.74,643.2 2 0
github.com/ethereum/go-ethereum/core/vm/instructions.go:645.74,648.2 2 0
github.com/ethereum/go-ethereum/core/vm/instructions.go:650.74,653.2 2 0
github.com/ethereum/go-ethereum/core/vm/instructions.go:655.74,656.18 1 1
github.com/ethereum/go-ethereum/core/vm/instructions.go:656.18,658.3 1 0
github.com/ethereum/go-ethereum/core/vm/instructions.go:659.2,665.29 2 1
github.com/ethereum/go-ethereum/core/vm/instructions.go:665.29,667.3 1 1
github.com/ethereum/go-ethereum/core/vm/instructions.go:670.2,679.66 4 1
github.com/ethereum/go-ethereum/core/vm/instructions.go:679.66,681.3 1 0
github.com/ethereum/go-ethereum/core/vm/instructions.go:681.8,681.60 1 1
github.com/ethereum/go-ethereum/core/vm/instructions.go:681.60,683.3 1 0
github.com/ethereum/go-ethereum/core/vm/instructions.go:683.8,685.3 1 1
github.com/ethereum/go-ethereum/core/vm/instructions.go:686.2,690.36 3 1
github.com/ethereum/go-ethereum/core/vm/instructions.go:690.36,693.3 2 0
github.com/ethereum/go-ethereum/core/vm/instructions.go:694.2,695.17 2 1
github.com/ethereum/go-ethereum/core/vm/instructions.go:698.75,699.18 1 1
github.com/ethereum/go-ethereum/core/vm/instructions.go:699.18,701.3 1 0
github.com/ethereum/go-ethereum/core/vm/instructions.go:702.2,718.19 6 1
github.com/ethereum/go-ethereum/core/vm/instructions.go:718.19,720.3 1 0
github.com/ethereum/go-ethereum/core/vm/instructions.go:720.8,722.3 1 1
github.com/ethereum/go-ethereum/core/vm/instructions.go:723.2,726.36 3 1
github.com/ethereum/go-ethereum/core/vm/instructions.go:726.36,729.3 2 0
github.com/ethereum/go-ethereum/core/vm/instructions.go:730.2,731.17 2 1
github.com/ethereum/go-ethereum/core/vm/instructions.go:734.72,746.37 7 0
github.com/ethereum/go-ethereum/core/vm/instructions.go:746.37,748.3 1 0
github.com/ethereum/go-ethereum/core/vm/instructions.go:749.2,749.21 1 0
github.com/ethereum/go-ethereum/core/vm/instructions.go:749.21,751.3 1 0
github.com/ethereum/go-ethereum/core/vm/instructions.go:752.2,754.16 2 0
github.com/ethereum/go-ethereum/core/vm/instructions.go:754.16,756.3 1 0
github.com/ethereum/go-ethereum/core/vm/instructions.go:756.8,758.3 1 0
github.com/ethereum/go-ethereum/core/vm/instructions.go:759.2,760.47 2 0
github.com/ethereum/go-ethereum/core/vm/instructions.go:760.47,762.3 1 0
github.com/ethereum/go-ethereum/core/vm/instructions.go:764.2,767.17 3 0
github.com/ethereum/go-ethereum/core/vm/instructions.go:770.76,782.21 7 0
github.com/ethereum/go-ethereum/core/vm/instructions.go:782.21,784.3 1 0
github.com/ethereum/go-ethereum/core/vm/instructions.go:786.2,787.16 2 0
github.com/ethereum/go-ethereum/core/vm/instructions.go:787.16,789.3 1 0
github.com/ethereum/go-ethereum/core/vm/instructions.go:789.8,791.3 1 0
github.com/ethereum/go-ethereum/core/vm/instructions.go:792.2,793.47 2 0
github.com/ethereum/go-ethereum/core/vm/instructions.go:793.47,795.3 1 0
github.com/ethereum/go-ethereum/core/vm/instructions.go:797.2,800.17 3 0
github.com/ethereum/go-ethereum/core/vm/instructions.go:803.80,816.16 8 0
github.com/ethereum/go-ethereum/core/vm/instructions.go:816.16,818.3 1 0
github.com/ethereum/go-ethereum/core/vm/instructions.go:818.8,820.3 1 0
github.com/ethereum/go-ethereum/core/vm/instructions.go:821.2,822.47 2 0
github.com/ethereum/go-ethereum/core/vm/instructions.go:822.47,824.3 1 0
github.com/ethereum/go-ethereum/core/vm/instructions.go:826.2,829.17 3 0
github.com/ethereum/go-ethereum/core/vm/instructions.go:832.78,845.16 8 0
github.com/ethereum/go-ethereum/core/vm/instructions.go:845.16,847.3 1 0
github.com/ethereum/go-ethereum/core/vm/instructions.go:847.8,849.3 1 0
github.com/ethereum/go-ethereum/core/vm/instructions.go:850.2,851.47 2 0
github.com/ethereum/go-ethereum/core/vm/instructions.go:851.47,853.3 1 0
github.com/ethereum/go-ethereum/core/vm/instructions.go:855.2,858.17 3 0
github.com/ethereum/go-ethereum/core/vm/instructions.go:861.74,866.2 3 1
github.com/ethereum/go-ethereum/core/vm/instructions.go:868.74,874.2 4 0
github.com/ethereum/go-ethereum/core/vm/instructions.go:876.77,878.2 1 0
github.com/ethereum/go-ethereum/core/vm/instructions.go:880.72,882.2 1 1
github.com/ethereum/go-ethereum/core/vm/instructions.go:884.80,885.18 1 0
github.com/ethereum/go-ethereum/core/vm/instructions.go:885.18,887.3 1 0
github.com/ethereum/go-ethereum/core/vm/instructions.go:888.2,896.25 2 0
github.com/ethereum/go-ethereum/core/vm/instructions.go:896.25,898.3 1 0
github.com/ethereum/go-ethereum/core/vm/instructions.go:900.2,903.48 3 0
github.com/ethereum/go-ethereum/core/vm/instructions.go:903.48,904.28 1 0
github.com/ethereum/go-ethereum/core/vm/instructions.go:904.28,906.4 1 0
github.com/ethereum/go-ethereum/core/vm/instructions.go:907.3,907.27 1 0
github.com/ethereum/go-ethereum/core/vm/instructions.go:907.27,909.4 1 0
github.com/ethereum/go-ethereum/core/vm/instructions.go:911.2,911.26 1 0
github.com/ethereum/go-ethereum/core/vm/instructions.go:914.84,915.18 1 0
github.com/ethereum/go-ethereum/core/vm/instructions.go:915.18,917.3 1 0
github.com/ethereum/go-ethereum/core/vm/instructions.go:918.2,926.17 2 0
github.com/ethereum/go-ethereum/core/vm/instructions.go:926.17,927.26 1 0
github.com/ethereum/go-ethereum/core/vm/instructions.go:927.26,929.4 1 0
github.com/ethereum/go-ethereum/core/vm/instructions.go:930.3,931.33 2 0
github.com/ethereum/go-ethereum/core/vm/instructions.go:935.2,935.41 1 0
github.com/ethereum/go-ethereum/core/vm/instructions.go:935.41,938.3 2 0
github.com/ethereum/go-ethereum/core/vm/instructions.go:940.2,940.48 1 0
github.com/ethereum/go-ethereum/core/vm/instructions.go:940.48,941.28 1 0
github.com/ethereum/go-ethereum/core/vm/instructions.go:941.28,943.4 1 0
github.com/ethereum/go-ethereum/core/vm/instructions.go:944.3,944.27 1 0
github.com/ethereum/go-ethereum/core/vm/instructions.go:944.27,946.4 1 0
github.com/ethereum/go-ethereum/core/vm/instructions.go:948.2,948.26 1 0
github.com/ethereum/go-ethereum/core/vm/instructions.go:951.31,952.13 1 1
github.com/ethereum/go-ethereum/core/vm/instructions.go:952.13,954.3 1 1
github.com/ethereum/go-ethereum/core/vm/instructions.go:955.2,955.20 1 0
github.com/ethereum/go-ethereum/core/vm/instructions.go:958.36,960.13 2 1
github.com/ethereum/go-ethereum/core/vm/instructions.go:960.13,962.3 1 1
github.com/ethereum/go-ethereum/core/vm/instructions.go:962.8,964.3 1 0
github.com/ethereum/go-ethereum/core/vm/instructions.go:965.2,966.11 2 1
github.com/ethereum/go-ethereum/core/vm/instructions.go:966.11,968.3 1 1
github.com/ethereum/go-ethereum/core/vm/instructions.go:969.2,969.22 1 1
github.com/ethereum/go-ethereum/core/vm/instructions.go:972.72,978.27 4 1
github.com/ethereum/go-ethereum/core/vm/instructions.go:978.27,980.3 1 1
github.com/ethereum/go-ethereum/core/vm/instructions.go:983.2,983.23 1 1
github.com/ethereum/go-ethereum/core/vm/instructions.go:983.23,985.3 1 1
github.com/ethereum/go-ethereum/core/vm/instructions.go:986.2,989.27 2 1
github.com/ethereum/go-ethereum/core/vm/instructions.go:989.27,991.3 1 0
github.com/ethereum/go-ethereum/core/vm/instructions.go:994.2,996.17 3 1
github.com/ethereum/go-ethereum/core/vm/instructions.go:999.73,1005.27 4 1
github.com/ethereum/go-ethereum/core/vm/instructions.go:1005.27,1007.3 1 1
github.com/ethereum/go-ethereum/core/vm/instructions.go:1010.2,1010.23 1 1
github.com/ethereum/go-ethereum/core/vm/instructions.go:1010.23,1012.3 1 1
github.com/ethereum/go-ethereum/core/vm/instructions.go:1013.2,1016.29 2 1
github.com/ethereum/go-ethereum/core/vm/instructions.go:1016.29,1018.3 1 0
github.com/ethereum/go-ethereum/core/vm/instructions.go:1021.2,1025.17 5 1
github.com/ethereum/go-ethereum/core/vm/instructions.go:1028.76,1034.27 4 1
github.com/ethereum/go-ethereum/core/vm/instructions.go:1034.27,1036.3 1 1
github.com/ethereum/go-ethereum/core/vm/instructions.go:1040.2,1040.23 1 1
github.com/ethereum/go-ethereum/core/vm/instructions.go:1040.23,1042.3 1 1
github.com/ethereum/go-ethereum/core/vm/instructions.go:1043.2,1048.30 3 1
github.com/ethereum/go-ethereum/core/vm/instructions.go:1048.30,1050.3 1 1
github.com/ethereum/go-ethereum/core/vm/instructions.go:1053.2,1057.17 5 1
github.com/ethereum/go-ethereum/core/vm/instructions.go:1063.38,1064.73 1 1
github.com/ethereum/go-ethereum/core/vm/instructions.go:1064.73,1065.19 1 0
github.com/ethereum/go-ethereum/core/vm/instructions.go:1065.19,1067.4 1 0
github.com/ethereum/go-ethereum/core/vm/instructions.go:1068.3,1071.29 4 0
github.com/ethereum/go-ethereum/core/vm/instructions.go:1071.29,1074.4 2 0
github.com/ethereum/go-ethereum/core/vm/instructions.go:1076.3,1086.18 3 0
github.com/ethereum/go-ethereum/core/vm/instructions.go:1091.73,1097.19 3 1
github.com/ethereum/go-ethereum/core/vm/instructions.go:1097.19,1099.3 1 1
github.com/ethereum/go-ethereum/core/vm/instructions.go:1099.8,1101.3 1 0
github.com/ethereum/go-ethereum/core/vm/instructions.go:1102.2,1102.17 1 1
github.com/ethereum/go-ethereum/core/vm/instructions.go:1106.73,1111.21 2 1
github.com/ethereum/go-ethereum/core/vm/instructions.go:1111.21,1113.3 1 1
github.com/ethereum/go-ethereum/core/vm/instructions.go:1113.8,1113.28 1 0
github.com/ethereum/go-ethereum/core/vm/instructions.go:1113.28,1115.3 1 0
github.com/ethereum/go-ethereum/core/vm/instructions.go:1115.8,1117.3 1 0
github.com/ethereum/go-ethereum/core/vm/instructions.go:1118.2,1119.17 2 1
github.com/ethereum/go-ethereum/core/vm/instructions.go:1123.60,1124.73 1 1
github.com/ethereum/go-ethereum/core/vm/instructions.go:1124.73,1133.59 3 1
github.com/ethereum/go-ethereum/core/vm/instructions.go:1133.59,1135.4 1 1
github.com/ethereum/go-ethereum/core/vm/instructions.go:1136.3,1138.18 3 1
github.com/ethereum/go-ethereum/core/vm/instructions.go:1143.38,1144.73 1 1
github.com/ethereum/go-ethereum/core/vm/instructions.go:1144.73,1147.3 2 1
github.com/ethereum/go-ethereum/core/vm/interpreter.go:49.46,50.23 1 0
github.com/ethereum/go-ethereum/core/vm/interpreter.go:50.23,52.3 1 0
github.com/ethereum/go-ethereum/core/vm/interpreter.go:53.2,53.26 1 0
github.com/ethereum/go-ethereum/core/vm/interpreter.go:58.52,59.22 1 0
github.com/ethereum/go-ethereum/core/vm/interpreter.go:59.22,61.3 1 0
github.com/ethereum/go-ethereum/core/vm/interpreter.go:62.2,62.25 1 0
github.com/ethereum/go-ethereum/core/vm/interpreter.go:66.50,68.2 1 0
github.com/ethereum/go-ethereum/core/vm/interpreter.go:71.51,73.2 1 0
github.com/ethereum/go-ethereum/core/vm/interpreter.go:76.51,78.2 1 0
github.com/ethereum/go-ethereum/core/vm/interpreter.go:82.45,84.2 1 0
github.com/ethereum/go-ethereum/core/vm/interpreter.go:87.48,89.2 1 0
github.com/ethereum/go-ethereum/core/vm/interpreter.go:97.94,100.15 2 1
github.com/ethereum/go-ethereum/core/vm/interpreter.go:100.15,100.30 1 1
github.com/ethereum/go-ethereum/core/vm/interpreter.go:104.2,104.31 1 1
github.com/ethereum/go-ethereum/core/vm/interpreter.go:104.31,106.16 2 0
github.com/ethereum/go-ethereum/core/vm/interpreter.go:106.16,106.40 1 0
github.com/ethereum/go-ethereum/core/vm/interpreter.go:111.2,114.29 2 1
github.com/ethereum/go-ethereum/core/vm/interpreter.go:114.29,116.3 1 0
github.com/ethereum/go-ethereum/core/vm/interpreter.go:118.2,144.15 2 1
github.com/ethereum/go-ethereum/core/vm/interpreter.go:144.15,147.3 2 1
github.com/ethereum/go-ethereum/core/vm/interpreter.go:148.2,150.11 2 1
github.com/ethereum/go-ethereum/core/vm/interpreter.go:150.11,151.16 1 0
github.com/ethereum/go-ethereum/core/vm/interpreter.go:151.16,152.18 1 0
github.com/ethereum/go-ethereum/core/vm/interpreter.go:152.18,154.5 1 0
github.com/ethereum/go-ethereum/core/vm/interpreter.go:155.4,155.52 1 0
github.com/ethereum/go-ethereum/core/vm/interpreter.go:155.52,157.5 1 0
github.com/ethereum/go-ethereum/core/vm/interpreter.go:158.4,158.50 1 0
github.com/ethereum/go-ethereum/core/vm/interpreter.go:158.50,160.5 1 0
[...]
github.com/ethereum/go-ethereum/core/vm/sgx_key_derive.go:85.2,85.32 1 1
github.com/ethereum/go-ethereum/core/vm/sgx_key_get_public.go:29.41,31.2 1 0
github.com/ethereum/go-ethereum/core/vm/sgx_key_get_public.go:35.60,37.2 1 1
github.com/ethereum/go-ethereum/core/vm/sgx_key_get_public.go:40.61,42.2 1 0
github.com/ethereum/go-ethereum/core/vm/sgx_key_get_public.go:47.89,49.21 1 1
github.com/ethereum/go-ethereum/core/vm/sgx_key_get_public.go:49.21,51.3 1 1
github.com/ethereum/go-ethereum/core/vm/sgx_key_get_public.go:52.2,56.16 3 1
github.com/ethereum/go-ethereum/core/vm/sgx_key_get_public.go:56.16,58.3 1 1
github.com/ethereum/go-ethereum/core/vm/sgx_key_get_public.go:61.2,61.20 1 1
github.com/ethereum/go-ethereum/core/vm/sgx_keystore_impl.go:46.89,48.57 1 1
github.com/ethereum/go-ethereum/core/vm/sgx_keystore_impl.go:48.57,50.3 1 0
github.com/ethereum/go-ethereum/core/vm/sgx_keystore_impl.go:51.2,51.54 1 1
github.com/ethereum/go-ethereum/core/vm/sgx_keystore_impl.go:51.54,53.3 1 0
github.com/ethereum/go-ethereum/core/vm/sgx_keystore_impl.go:55.2,59.8 1 1
github.com/ethereum/go-ethereum/core/vm/sgx_keystore_impl.go:63.100,68.17 4 1
github.com/ethereum/go-ethereum/core/vm/sgx_keystore_impl.go:69.20,72.17 2 1
github.com/ethereum/go-ethereum/core/vm/sgx_keystore_impl.go:72.17,74.4 1 0
github.com/ethereum/go-ethereum/core/vm/sgx_keystore_impl.go:75.3,77.39 3 1
github.com/ethereum/go-ethereum/core/vm/sgx_keystore_impl.go:79.22,82.17 2 1
github.com/ethereum/go-ethereum/core/vm/sgx_keystore_impl.go:82.17,84.4 1 0
github.com/ethereum/go-ethereum/core/vm/sgx_keystore_impl.go:85.3,87.39 3 1
github.com/ethereum/go-ethereum/core/vm/sgx_keystore_impl.go:89.21,92.61 2 1
github.com/ethereum/go-ethereum/core/vm/sgx_keystore_impl.go:92.61,94.4 1 0
github.com/ethereum/go-ethereum/core/vm/sgx_keystore_impl.go:95.3,97.39 3 1
github.com/ethereum/go-ethereum/core/vm/sgx_keystore_impl.go:99.10,100.72 1 0
github.com/ethereum/go-ethereum/core/vm/sgx_keystore_impl.go:104.2,104.58 1 1
github.com/ethereum/go-ethereum/core/vm/sgx_keystore_impl.go:104.58,106.3 1 0
github.com/ethereum/go-ethereum/core/vm/sgx_keystore_impl.go:109.2,117.50 2 1
github.com/ethereum/go-ethereum/core/vm/sgx_keystore_impl.go:117.50,119.3 1 0
github.com/ethereum/go-ethereum/core/vm/sgx_keystore_impl.go:122.2,126.19 4 1
github.com/ethereum/go-ethereum/core/vm/sgx_keystore_impl.go:130.78,132.16 2 1
github.com/ethereum/go-ethereum/core/vm/sgx_keystore_impl.go:132.16,134.3 1 1
github.com/ethereum/go-ethereum/core/vm/sgx_keystore_impl.go:136.2,137.16 2 1
github.com/ethereum/go-ethereum/core/vm/sgx_keystore_impl.go:137.16,139.3 1 0
github.com/ethereum/go-ethereum/core/vm/sgx_keystore_impl.go:141.2,141.26 1 1
github.com/ethereum/go-ethereum/core/vm/sgx_keystore_impl.go:142.20,144.10 2 1
github.com/ethereum/go-ethereum/core/vm/sgx_keystore_impl.go:144.10,146.4 1 0
github.com/ethereum/go-ethereum/core/vm/sgx_keystore_impl.go:147.3,147.55 1 1
github.com/ethereum/go-ethereum/core/vm/sgx_keystore_impl.go:149.22,151.10 2 0
github.com/ethereum/go-ethereum/core/vm/sgx_keystore_impl.go:151.10,153.4 1 0
github.com/ethereum/go-ethereum/core/vm/sgx_keystore_impl.go:154.3,154.62 1 0
github.com/ethereum/go-ethereum/core/vm/sgx_keystore_impl.go:156.21,158.62 1 0
github.com/ethereum/go-ethereum/core/vm/sgx_keystore_impl.go:160.10,161.71 1 0
github.com/ethereum/go-ethereum/core/vm/sgx_keystore_impl.go:166.83,168.16 2 1
github.com/ethereum/go-ethereum/core/vm/sgx_keystore_impl.go:168.16,170.3 1 0
github.com/ethereum/go-ethereum/core/vm/sgx_keystore_impl.go:172.2,172.76 1 1
github.com/ethereum/go-ethereum/core/vm/sgx_keystore_impl.go:172.76,174.3 1 1
github.com/ethereum/go-ethereum/core/vm/sgx_keystore_impl.go:176.2,177.16 2 1
github.com/ethereum/go-ethereum/core/vm/sgx_keystore_impl.go:177.16,179.3 1 0
github.com/ethereum/go-ethereum/core/vm/sgx_keystore_impl.go:181.2,181.26 1 1
github.com/ethereum/go-ethereum/core/vm/sgx_keystore_impl.go:182.20,184.10 2 1
github.com/ethereum/go-ethereum/core/vm/sgx_keystore_impl.go:184.10,186.4 1 0
github.com/ethereum/go-ethereum/core/vm/sgx_keystore_impl.go:187.3,188.17 2 1
github.com/ethereum/go-ethereum/core/vm/sgx_keystore_impl.go:188.17,190.4 1 0
github.com/ethereum/go-ethereum/core/vm/sgx_keystore_impl.go:191.3,191.24 1 1
github.com/ethereum/go-ethereum/core/vm/sgx_keystore_impl.go:193.22,195.10 2 1
github.com/ethereum/go-ethereum/core/vm/sgx_keystore_impl.go:195.10,197.4 1 0
github.com/ethereum/go-ethereum/core/vm/sgx_keystore_impl.go:198.3,199.24 2 1
github.com/ethereum/go-ethereum/core/vm/sgx_keystore_impl.go:201.10,202.79 1 0
github.com/ethereum/go-ethereum/core/vm/sgx_keystore_impl.go:207.89,209.16 2 1
github.com/ethereum/go-ethereum/core/vm/sgx_keystore_impl.go:209.16,211.3 1 0
github.com/ethereum/go-ethereum/core/vm/sgx_keystore_impl.go:213.2,213.38 1 1
github.com/ethereum/go-ethereum/core/vm/sgx_keystore_impl.go:213.38,215.3 1 1
github.com/ethereum/go-ethereum/core/vm/sgx_keystore_impl.go:217.2,218.16 2 1
github.com/ethereum/go-ethereum/core/vm/sgx_keystore_impl.go:218.16,220.3 1 0
github.com/ethereum/go-ethereum/core/vm/sgx_keystore_impl.go:222.2,223.9 2 1
github.com/ethereum/go-ethereum/core/vm/sgx_keystore_impl.go:223.9,225.3 1 0
github.com/ethereum/go-ethereum/core/vm/sgx_keystore_impl.go:228.2,229.16 2 1
github.com/ethereum/go-ethereum/core/vm/sgx_keystore_impl.go:229.16,231.3 1 1
github.com/ethereum/go-ethereum/core/vm/sgx_keystore_impl.go:234.2,237.26 3 0
github.com/ethereum/go-ethereum/core/vm/sgx_keystore_impl.go:241.91,243.16 2 1
github.com/ethereum/go-ethereum/core/vm/sgx_keystore_impl.go:243.16,245.3 1 0
github.com/ethereum/go-ethereum/core/vm/sgx_keystore_impl.go:247.2,247.39 1 1
github.com/ethereum/go-ethereum/core/vm/sgx_keystore_impl.go:247.39,249.3 1 0
github.com/ethereum/go-ethereum/core/vm/sgx_keystore_impl.go:251.2,252.16 2 1
github.com/ethereum/go-ethereum/core/vm/sgx_keystore_impl.go:252.16,254.3 1 0
github.com/ethereum/go-ethereum/core/vm/sgx_keystore_impl.go:256.2,257.9 2 1
github.com/ethereum/go-ethereum/core/vm/sgx_keystore_impl.go:257.9,259.3 1 0
github.com/ethereum/go-ethereum/core/vm/sgx_keystore_impl.go:262.2,263.16 2 1
github.com/ethereum/go-ethereum/core/vm/sgx_keystore_impl.go:263.16,265.3 1 0
github.com/ethereum/go-ethereum/core/vm/sgx_keystore_impl.go:267.2,268.16 2 1
github.com/ethereum/go-ethereum/core/vm/sgx_keystore_impl.go:268.16,270.3 1 0
github.com/ethereum/go-ethereum/core/vm/sgx_keystore_impl.go:272.2,273.59 2 1
github.com/ethereum/go-ethereum/core/vm/sgx_keystore_impl.go:273.59,275.3 1 0
github.com/ethereum/go-ethereum/core/vm/sgx_keystore_impl.go:277.2,278.24 2 1
github.com/ethereum/go-ethereum/core/vm/sgx_keystore_impl.go:282.92,284.16 2 1
github.com/ethereum/go-ethereum/core/vm/sgx_keystore_impl.go:284.16,286.3 1 0
github.com/ethereum/go-ethereum/core/vm/sgx_keystore_impl.go:288.2,288.39 1 1
github.com/ethereum/go-ethereum/core/vm/sgx_keystore_impl.go:288.39,290.3 1 0
github.com/ethereum/go-ethereum/core/vm/sgx_keystore_impl.go:292.2,293.16 2 1
github.com/ethereum/go-ethereum/core/vm/sgx_keystore_impl.go:293.16,295.3 1 0
github.com/ethereum/go-ethereum/core/vm/sgx_keystore_impl.go:297.2,298.9 2 1
github.com/ethereum/go-ethereum/core/vm/sgx_keystore_impl.go:298.9,300.3 1 0
github.com/ethereum/go-ethereum/core/vm/sgx_keystore_impl.go:303.2,304.16 2 1
github.com/ethereum/go-ethereum/core/vm/sgx_keystore_impl.go:304.16,306.3 1 0
github.com/ethereum/go-ethereum/core/vm/sgx_keystore_impl.go:308.2,309.16 2 1
github.com/ethereum/go-ethereum/core/vm/sgx_keystore_impl.go:309.16,311.3 1 0
github.com/ethereum/go-ethereum/core/vm/sgx_keystore_impl.go:313.2,314.33 2 1
github.com/ethereum/go-ethereum/core/vm/sgx_keystore_impl.go:314.33,316.3 1 0
github.com/ethereum/go-ethereum/core/vm/sgx_keystore_impl.go:318.2,320.16 3 1
github.com/ethereum/go-ethereum/core/vm/sgx_keystore_impl.go:320.16,322.3 1 0
github.com/ethereum/go-ethereum/core/vm/sgx_keystore_impl.go:324.2,324.23 1 1
github.com/ethereum/go-ethereum/core/vm/sgx_keystore_impl.go:328.93,330.16 2 1
github.com/ethereum/go-ethereum/core/vm/sgx_keystore_impl.go:330.16,332.3 1 0
github.com/ethereum/go-ethereum/core/vm/sgx_keystore_impl.go:334.2,335.16 2 1
github.com/ethereum/go-ethereum/core/vm/sgx_keystore_impl.go:335.16,337.3 1 0
github.com/ethereum/go-ethereum/core/vm/sgx_keystore_impl.go:339.2,341.26 2 1
github.com/ethereum/go-ethereum/core/vm/sgx_keystore_impl.go:342.20,344.10 2 0
github.com/ethereum/go-ethereum/core/vm/sgx_keystore_impl.go:344.10,346.4 1 0
github.com/ethereum/go-ethereum/core/vm/sgx_keystore_impl.go:348.3,348.58 1 0
github.com/ethereum/go-ethereum/core/vm/sgx_keystore_impl.go:350.22,352.10 2 0
github.com/ethereum/go-ethereum/core/vm/sgx_keystore_impl.go:352.10,354.4 1 0
github.com/ethereum/go-ethereum/core/vm/sgx_keystore_impl.go:355.3,355.50 1 0
github.com/ethereum/go-ethereum/core/vm/sgx_keystore_impl.go:357.21,359.10 2 1
github.com/ethereum/go-ethereum/core/vm/sgx_keystore_impl.go:359.10,361.4 1 0
github.com/ethereum/go-ethereum/core/vm/sgx_keystore_impl.go:362.3,362.46 1 1
github.com/ethereum/go-ethereum/core/vm/sgx_keystore_impl.go:364.10,365.81 1 0
github.com/ethereum/go-ethereum/core/vm/sgx_keystore_impl.go:369.2,370.16 2 1
github.com/ethereum/go-ethereum/core/vm/sgx_keystore_impl.go:370.16,372.3 1 0
github.com/ethereum/go-ethereum/core/vm/sgx_keystore_impl.go:375.2,375.66 1 1
github.com/ethereum/go-ethereum/core/vm/sgx_keystore_impl.go:375.66,377.3 1 0
github.com/ethereum/go-ethereum/core/vm/sgx_keystore_impl.go:379.2,379.24 1 1
github.com/ethereum/go-ethereum/core/vm/sgx_keystore_impl.go:383.83,386.16 3 1
github.com/ethereum/go-ethereum/core/vm/sgx_keystore_impl.go:386.16,388.3 1 1
github.com/ethereum/go-ethereum/core/vm/sgx_keystore_impl.go:390.2,391.56 2 1
github.com/ethereum/go-ethereum/core/vm/sgx_keystore_impl.go:391.56,393.3 1 0
github.com/ethereum/go-ethereum/core/vm/sgx_keystore_impl.go:395.2,395.23 1 1
github.com/ethereum/go-ethereum/core/vm/sgx_keystore_impl.go:399.65,402.66 2 1
github.com/ethereum/go-ethereum/core/vm/sgx_keystore_impl.go:402.66,404.3 1 0
github.com/ethereum/go-ethereum/core/vm/sgx_keystore_impl.go:407.2,408.67 2 1
github.com/ethereum/go-ethereum/core/vm/sgx_keystore_impl.go:408.67,410.3 1 0
github.com/ethereum/go-ethereum/core/vm/sgx_keystore_impl.go:413.2,417.12 4 1
github.com/ethereum/go-ethereum/core/vm/sgx_keystore_impl.go:421.91,424.31 2 1
github.com/ethereum/go-ethereum/core/vm/sgx_keystore_impl.go:425.25,426.31 1 1
github.com/ethereum/go-ethereum/core/vm/sgx_keystore_impl.go:427.26,428.13 1 1
github.com/ethereum/go-ethereum/core/vm/sgx_keystore_impl.go:429.14,430.13 1 1
github.com/ethereum/go-ethereum/core/vm/sgx_keystore_impl.go:431.10,432.52 1 0
github.com/ethereum/go-ethereum/core/vm/sgx_keystore_impl.go:435.2,436.58 2 1
github.com/ethereum/go-ethereum/core/vm/sgx_keystore_impl.go:436.58,438.3 1 0
github.com/ethereum/go-ethereum/core/vm/sgx_keystore_impl.go:440.2,440.12 1 1
github.com/ethereum/go-ethereum/core/vm/sgx_keystore_impl.go:444.72,446.16 2 1
github.com/ethereum/go-ethereum/core/vm/sgx_keystore_impl.go:446.16,448.3 1 0
github.com/ethereum/go-ethereum/core/vm/sgx_keystore_impl.go:450.2,451.59 2 1
github.com/ethereum/go-ethereum/core/vm/sgx_keystore_impl.go:451.59,453.3 1 0
github.com/ethereum/go-ethereum/core/vm/sgx_keystore_impl.go:455.2,455.12 1 1
github.com/ethereum/go-ethereum/core/vm/sgx_keystore_impl.go:459.102,462.39 2 1
github.com/ethereum/go-ethereum/core/vm/sgx_keystore_impl.go:462.39,465.3 2 1
github.com/ethereum/go-ethereum/core/vm/sgx_keystore_impl.go:466.2,471.16 4 0
github.com/ethereum/go-ethereum/core/vm/sgx_keystore_impl.go:471.16,473.3 1 0
github.com/ethereum/go-ethereum/core/vm/sgx_keystore_impl.go:475.2,477.17 2 0
github.com/ethereum/go-ethereum/core/vm/sgx_keystore_impl.go:478.20,480.17 2 0
github.com/ethereum/go-ethereum/core/vm/sgx_keystore_impl.go:480.17,482.4 1 0
github.com/ethereum/go-ethereum/core/vm/sgx_keystore_impl.go:483.3,483.16 1 0
github.com/ethereum/go-ethereum/core/vm/sgx_keystore_impl.go:485.22,486.42 1 0
github.com/ethereum/go-ethereum/core/vm/sgx_keystore_impl.go:486.42,488.4 1 0
github.com/ethereum/go-ethereum/core/vm/sgx_keystore_impl.go:489.3,489.37 1 0
github.com/ethereum/go-ethereum/core/vm/sgx_keystore_impl.go:491.21,492.22 1 0
github.com/ethereum/go-ethereum/core/vm/sgx_keystore_impl.go:492.22,494.4 1 0
github.com/ethereum/go-ethereum/core/vm/sgx_keystore_impl.go:495.3,495.17 1 0
github.com/ethereum/go-ethereum/core/vm/sgx_keystore_impl.go:497.10,498.62 1 0
github.com/ethereum/go-ethereum/core/vm/sgx_keystore_impl.go:502.2,506.21 4 0
github.com/ethereum/go-ethereum/core/vm/sgx_permission_impl.go:34.64,38.2 1 1
github.com/ethereum/go-ethereum/core/vm/sgx_permission_impl.go:41.102,47.26 4 1
github.com/ethereum/go-ethereum/core/vm/sgx_permission_impl.go:47.26,48.67 1 1
github.com/ethereum/go-ethereum/core/vm/sgx_permission_impl.go:48.67,53.4 3 0
github.com/ethereum/go-ethereum/core/vm/sgx_permission_impl.go:57.2,58.12 2 1
github.com/ethereum/go-ethereum/core/vm/sgx_permission_impl.go:62.129,70.26 6 1
github.com/ethereum/go-ethereum/core/vm/sgx_permission_impl.go:70.26,71.49 1 1
github.com/ethereum/go-ethereum/core/vm/sgx_permission_impl.go:71.49,73.12 2 1
github.com/ethereum/go-ethereum/core/vm/sgx_permission_impl.go:75.3,75.33 1 1
github.com/ethereum/go-ethereum/core/vm/sgx_permission_impl.go:78.2,78.12 1 1
github.com/ethereum/go-ethereum/core/vm/sgx_permission_impl.go:78.12,80.3 1 0
github.com/ethereum/go-ethereum/core/vm/sgx_permission_impl.go:82.2,83.12 2 1
github.com/ethereum/go-ethereum/core/vm/sgx_permission_impl.go:87.144,92.26 4 1
github.com/ethereum/go-ethereum/core/vm/sgx_permission_impl.go:92.26,93.26 1 1
github.com/ethereum/go-ethereum/core/vm/sgx_permission_impl.go:93.26,94.12 1 1
github.com/ethereum/go-ethereum/core/vm/sgx_permission_impl.go:96.3,96.27 1 1
github.com/ethereum/go-ethereum/core/vm/sgx_permission_impl.go:96.27,97.12 1 1
github.com/ethereum/go-ethereum/core/vm/sgx_permission_impl.go:101.3,101.49 1 1
github.com/ethereum/go-ethereum/core/vm/sgx_permission_impl.go:101.49,102.12 1 1
github.com/ethereum/go-ethereum/core/vm/sgx_permission_impl.go:106.3,106.48 1 1
github.com/ethereum/go-ethereum/core/vm/sgx_permission_impl.go:106.48,107.12 1 1
github.com/ethereum/go-ethereum/core/vm/sgx_permission_impl.go:110.3,110.14 1 1
github.com/ethereum/go-ethereum/core/vm/sgx_permission_impl.go:113.2,113.14 1 1
github.com/ethereum/go-ethereum/core/vm/sgx_permission_impl.go:117.94,126.2 6 0
github.com/ethereum/go-ethereum/core/vm/sgx_permission_impl.go:129.125,134.26 4 1
github.com/ethereum/go-ethereum/core/vm/sgx_permission_impl.go:134.26,135.26 1 1
github.com/ethereum/go-ethereum/core/vm/sgx_permission_impl.go:135.26,136.12 1 1
github.com/ethereum/go-ethereum/core/vm/sgx_permission_impl.go:138.3,138.27 1 1
github.com/ethereum/go-ethereum/core/vm/sgx_permission_impl.go:138.27,139.12 1 1
github.com/ethereum/go-ethereum/core/vm/sgx_permission_impl.go:143.3,145.13 3 1
github.com/ethereum/go-ethereum/core/vm/sgx_permission_impl.go:148.2,148.93 1 1
github.com/ethereum/go-ethereum/core/vm/sgx_random.go:30.35,32.2 1 0
github.com/ethereum/go-ethereum/core/vm/sgx_random.go:36.54,37.21 1 0
github.com/ethereum/go-ethereum/core/vm/sgx_random.go:37.21,39.3 1 0
github.com/ethereum/go-ethereum/core/vm/sgx_random.go:42.2,45.30 2 0
github.com/ethereum/go-ethereum/core/vm/sgx_random.go:51.55,53.21 1 1
github.com/ethereum/go-ethereum/core/vm/sgx_random.go:53.21,55.3 1 0
github.com/ethereum/go-ethereum/core/vm/sgx_random.go:58.2,61.24 2 1
github.com/ethereum/go-ethereum/core/vm/sgx_random.go:61.24,63.3 1 1
github.com/ethereum/go-ethereum/core/vm/sgx_random.go:64.2,64.17 1 1
github.com/ethereum/go-ethereum/core/vm/sgx_random.go:64.17,66.3 1 1
github.com/ethereum/go-ethereum/core/vm/sgx_random.go:69.2,70.65 2 1
github.com/ethereum/go-ethereum/core/vm/sgx_random.go:70.65,72.3 1 0
github.com/ethereum/go-ethereum/core/vm/sgx_random.go:75.2,75.25 1 1
github.com/ethereum/go-ethereum/core/vm/sgx_sign.go:29.33,31.2 1 0
github.com/ethereum/go-ethereum/core/vm/sgx_sign.go:35.52,37.2 1 1
github.com/ethereum/go-ethereum/core/vm/sgx_sign.go:40.53,42.2 1 0
github.com/ethereum/go-ethereum/core/vm/sgx_sign.go:47.81,49.21 1 1
github.com/ethereum/go-ethereum/core/vm/sgx_sign.go:49.21,51.3 1 0
github.com/ethereum/go-ethereum/core/vm/sgx_sign.go:52.2,56.94 3 1
github.com/ethereum/go-ethereum/core/vm/sgx_sign.go:56.94,58.96 1 1
github.com/ethereum/go-ethereum/core/vm/sgx_sign.go:58.96,60.4 1 1
github.com/ethereum/go-ethereum/core/vm/sgx_sign.go:64.2,65.16 2 1
github.com/ethereum/go-ethereum/core/vm/sgx_sign.go:65.16,67.3 1 1
github.com/ethereum/go-ethereum/core/vm/sgx_sign.go:70.2,73.23 2 1
github.com/ethereum/go-ethereum/core/vm/sgx_verify.go:30.35,32.2 1 0
github.com/ethereum/go-ethereum/core/vm/sgx_verify.go:36.54,38.2 1 1
github.com/ethereum/go-ethereum/core/vm/sgx_verify.go:43.55,47.23 1 1
github.com/ethereum/go-ethereum/core/vm/sgx_verify.go:47.23,55.17 5 1
github.com/ethereum/go-ethereum/core/vm/sgx_verify.go:55.17,57.4 1 1
github.com/ethereum/go-ethereum/core/vm/sgx_verify.go:60.3,62.71 2 1
github.com/ethereum/go-ethereum/core/vm/sgx_verify.go:62.71,64.4 1 1
github.com/ethereum/go-ethereum/core/vm/sgx_verify.go:67.3,67.47 1 1
github.com/ethereum/go-ethereum/core/vm/sgx_verify.go:67.47,69.4 1 0
github.com/ethereum/go-ethereum/core/vm/sgx_verify.go:70.3,70.36 1 1
github.com/ethereum/go-ethereum/core/vm/sgx_verify.go:70.36,71.44 1 1
github.com/ethereum/go-ethereum/core/vm/sgx_verify.go:71.44,73.5 1 1
github.com/ethereum/go-ethereum/core/vm/sgx_verify.go:76.3,76.27 1 1
github.com/ethereum/go-ethereum/core/vm/sgx_verify.go:78.8,78.30 1 1
github.com/ethereum/go-ethereum/core/vm/sgx_verify.go:78.30,84.65 4 0
github.com/ethereum/go-ethereum/core/vm/sgx_verify.go:84.65,86.4 1 0
github.com/ethereum/go-ethereum/core/vm/sgx_verify.go:87.3,87.27 1 0
github.com/ethereum/go-ethereum/core/vm/sgx_verify.go:89.8,91.3 1 1
github.com/ethereum/go-ethereum/core/vm/stack.go:26.26,28.3 1 1
github.com/ethereum/go-ethereum/core/vm/stack.go:38.24,40.2 1 1
github.com/ethereum/go-ethereum/core/vm/stack.go:42.28,45.2 2 1
github.com/ethereum/go-ethereum/core/vm/stack.go:48.39,50.2 1 0
github.com/ethereum/go-ethereum/core/vm/stack.go:52.39,55.2 1 1
github.com/ethereum/go-ethereum/core/vm/stack.go:57.42,61.2 3 1
github.com/ethereum/go-ethereum/core/vm/stack.go:63.28,65.2 1 1
github.com/ethereum/go-ethereum/core/vm/stack.go:67.26,69.2 1 0
github.com/ethereum/go-ethereum/core/vm/stack.go:70.26,72.2 1 0
github.com/ethereum/go-ethereum/core/vm/stack.go:73.26,75.2 1 0
github.com/ethereum/go-ethereum/core/vm/stack.go:76.26,78.2 1 0
github.com/ethereum/go-ethereum/core/vm/stack.go:79.26,81.2 1 0
github.com/ethereum/go-ethereum/core/vm/stack.go:82.26,84.2 1 0
github.com/ethereum/go-ethereum/core/vm/stack.go:85.26,87.2 1 0
github.com/ethereum/go-ethereum/core/vm/stack.go:88.26,90.2 1 0
github.com/ethereum/go-ethereum/core/vm/stack.go:91.26,93.2 1 0
github.com/ethereum/go-ethereum/core/vm/stack.go:94.27,96.2 1 0
github.com/ethereum/go-ethereum/core/vm/stack.go:97.27,99.2 1 0
github.com/ethereum/go-ethereum/core/vm/stack.go:100.27,102.2 1 0
github.com/ethereum/go-ethereum/core/vm/stack.go:103.27,105.2 1 0
github.com/ethereum/go-ethereum/core/vm/stack.go:106.27,108.2 1 0
github.com/ethereum/go-ethereum/core/vm/stack.go:109.27,111.2 1 0
github.com/ethereum/go-ethereum/core/vm/stack.go:112.27,114.2 1 0
github.com/ethereum/go-ethereum/core/vm/stack.go:116.29,118.2 1 1
github.com/ethereum/go-ethereum/core/vm/stack.go:120.38,122.2 1 1
github.com/ethereum/go-ethereum/core/vm/stack.go:125.43,127.2 1 1
github.com/ethereum/go-ethereum/core/vm/stack_table.go:23.30,25.2 1 1
github.com/ethereum/go-ethereum/core/vm/stack_table.go:26.30,28.2 1 1
github.com/ethereum/go-ethereum/core/vm/stack_table.go:30.29,32.2 1 1
github.com/ethereum/go-ethereum/core/vm/stack_table.go:33.29,35.2 1 1
github.com/ethereum/go-ethereum/core/vm/stack_table.go:37.34,39.2 1 1
github.com/ethereum/go-ethereum/core/vm/stack_table.go:40.35,42.2 1 1
