mode: set
github.com/ethereum/go-ethereum/incentive/block_quality.go:30.76,32.2 1 1
github.com/ethereum/go-ethereum/incentive/block_quality.go:43.85,63.2 6 1
github.com/ethereum/go-ethereum/incentive/block_quality.go:66.81,73.25 5 1
github.com/ethereum/go-ethereum/incentive/block_quality.go:73.25,75.17 2 1
github.com/ethereum/go-ethereum/incentive/block_quality.go:75.17,76.12 1 1
github.com/ethereum/go-ethereum/incentive/block_quality.go:78.3,78.23 1 0
github.com/ethereum/go-ethereum/incentive/block_quality.go:85.2,93.3 2 1
github.com/ethereum/go-ethereum/incentive/block_quality.go:103.63,104.18 1 1
github.com/ethereum/go-ethereum/incentive/block_quality.go:104.18,106.3 1 1
github.com/ethereum/go-ethereum/incentive/block_quality.go:107.2,107.20 1 1
github.com/ethereum/go-ethereum/incentive/block_quality.go:107.20,109.3 1 1
github.com/ethereum/go-ethereum/incentive/block_quality.go:110.2,110.19 1 1
github.com/ethereum/go-ethereum/incentive/block_quality.go:110.19,112.3 1 1
github.com/ethereum/go-ethereum/incentive/block_quality.go:114.2,114.36 1 1
github.com/ethereum/go-ethereum/incentive/block_quality.go:123.83,124.19 1 1
github.com/ethereum/go-ethereum/incentive/block_quality.go:124.19,126.3 1 0
github.com/ethereum/go-ethereum/incentive/block_quality.go:128.2,133.27 4 1
github.com/ethereum/go-ethereum/incentive/block_quality.go:133.27,135.3 1 1
github.com/ethereum/go-ethereum/incentive/block_quality.go:135.8,137.3 1 1
github.com/ethereum/go-ethereum/incentive/block_quality.go:142.2,142.21 1 1
github.com/ethereum/go-ethereum/incentive/block_quality.go:142.21,145.22 3 1
github.com/ethereum/go-ethereum/incentive/block_quality.go:145.22,147.4 1 0
github.com/ethereum/go-ethereum/incentive/block_quality.go:148.3,148.25 1 1
github.com/ethereum/go-ethereum/incentive/block_quality.go:150.2,152.21 3 1
github.com/ethereum/go-ethereum/incentive/block_quality.go:152.21,154.3 1 1
github.com/ethereum/go-ethereum/incentive/block_quality.go:155.2,155.24 1 1
github.com/ethereum/go-ethereum/incentive/block_quality.go:164.70,165.20 1 1
github.com/ethereum/go-ethereum/incentive/block_quality.go:165.20,167.3 1 1
github.com/ethereum/go-ethereum/incentive/block_quality.go:169.2,173.25 3 1
github.com/ethereum/go-ethereum/incentive/block_quality.go:173.25,175.3 1 1
github.com/ethereum/go-ethereum/incentive/block_quality.go:175.8,177.3 1 1
github.com/ethereum/go-ethereum/incentive/block_quality.go:180.2,180.33 1 1
github.com/ethereum/go-ethereum/incentive/block_quality.go:180.33,182.34 1 1
github.com/ethereum/go-ethereum/incentive/block_quality.go:182.34,184.4 1 1
github.com/ethereum/go-ethereum/incentive/block_quality.go:186.3,187.17 2 1
github.com/ethereum/go-ethereum/incentive/block_quality.go:187.17,189.4 1 1
github.com/ethereum/go-ethereum/incentive/block_quality.go:189.9,191.4 1 0
github.com/ethereum/go-ethereum/incentive/block_quality.go:192.3,193.20 2 1
github.com/ethereum/go-ethereum/incentive/block_quality.go:193.20,195.4 1 0
github.com/ethereum/go-ethereum/incentive/block_quality.go:196.3,196.23 1 1
github.com/ethereum/go-ethereum/incentive/block_quality.go:200.2,200.16 1 1
github.com/ethereum/go-ethereum/incentive/block_quality.go:200.16,203.3 1 1
github.com/ethereum/go-ethereum/incentive/block_quality.go:206.2,208.23 3 1
github.com/ethereum/go-ethereum/incentive/block_quality.go:208.23,210.3 1 0
github.com/ethereum/go-ethereum/incentive/block_quality.go:211.2,211.26 1 1
github.com/ethereum/go-ethereum/incentive/block_quality.go:220.80,221.19 1 1
github.com/ethereum/go-ethereum/incentive/block_quality.go:221.19,223.3 1 1
github.com/ethereum/go-ethereum/incentive/block_quality.go:225.2,230.25 5 1
github.com/ethereum/go-ethereum/incentive/block_quality.go:230.25,231.21 1 1
github.com/ethereum/go-ethereum/incentive/block_quality.go:231.21,233.4 1 1
github.com/ethereum/go-ethereum/incentive/block_quality.go:233.9,233.32 1 1
github.com/ethereum/go-ethereum/incentive/block_quality.go:233.32,236.4 2 1
github.com/ethereum/go-ethereum/incentive/block_quality.go:236.9,238.4 1 1
github.com/ethereum/go-ethereum/incentive/block_quality.go:241.2,245.17 3 1
github.com/ethereum/go-ethereum/incentive/block_quality.go:245.17,247.3 1 1
github.com/ethereum/go-ethereum/incentive/block_quality.go:248.2,248.21 1 1
github.com/ethereum/go-ethereum/incentive/block_quality.go:248.21,250.3 1 1
github.com/ethereum/go-ethereum/incentive/block_quality.go:251.2,251.25 1 1
github.com/ethereum/go-ethereum/incentive/block_quality.go:251.25,253.3 1 1
github.com/ethereum/go-ethereum/incentive/block_quality.go:255.2,259.28 3 1
github.com/ethereum/go-ethereum/incentive/block_quality.go:259.28,261.3 1 0
github.com/ethereum/go-ethereum/incentive/block_quality.go:261.8,263.3 1 1
github.com/ethereum/go-ethereum/incentive/block_quality.go:265.2,265.17 1 1
github.com/ethereum/go-ethereum/incentive/block_quality.go:265.17,267.3 1 0
github.com/ethereum/go-ethereum/incentive/block_quality.go:269.2,269.14 1 1
github.com/ethereum/go-ethereum/incentive/competition.go:59.23,66.2 1 1
github.com/ethereum/go-ethereum/incentive/competition.go:81.88,86.32 3 1
github.com/ethereum/go-ethereum/incentive/competition.go:86.32,88.3 1 0
github.com/ethereum/go-ethereum/incentive/competition.go:89.2,104.14 9 1
github.com/ethereum/go-ethereum/incentive/competition.go:116.78,123.29 3 1
github.com/ethereum/go-ethereum/incentive/competition.go:123.29,128.3 1 1
github.com/ethereum/go-ethereum/incentive/competition.go:131.2,131.41 1 1
github.com/ethereum/go-ethereum/incentive/competition.go:131.41,133.3 1 1
github.com/ethereum/go-ethereum/incentive/competition.go:136.2,137.27 2 1
github.com/ethereum/go-ethereum/incentive/competition.go:137.27,139.3 1 1
github.com/ethereum/go-ethereum/incentive/competition.go:141.2,141.15 1 1
github.com/ethereum/go-ethereum/incentive/competition.go:158.31,161.35 2 1
github.com/ethereum/go-ethereum/incentive/competition.go:161.35,162.41 1 1
github.com/ethereum/go-ethereum/incentive/competition.go:162.41,163.9 1 0
github.com/ethereum/go-ethereum/incentive/competition.go:166.3,170.33 4 1
github.com/ethereum/go-ethereum/incentive/competition.go:173.2,173.16 1 1
github.com/ethereum/go-ethereum/incentive/competition.go:191.16,194.20 2 1
github.com/ethereum/go-ethereum/incentive/competition.go:194.20,196.3 1 0
github.com/ethereum/go-ethereum/incentive/competition.go:199.2,207.3 2 1
github.com/ethereum/go-ethereum/incentive/competition.go:218.87,220.21 2 1
github.com/ethereum/go-ethereum/incentive/competition.go:220.21,222.3 1 1
github.com/ethereum/go-ethereum/incentive/competition.go:223.2,223.15 1 0
github.com/ethereum/go-ethereum/incentive/config.go:55.42,67.2 1 1
github.com/ethereum/go-ethereum/incentive/config.go:88.68,96.2 1 1
github.com/ethereum/go-ethereum/incentive/config.go:117.54,125.2 1 1
github.com/ethereum/go-ethereum/incentive/config.go:161.50,174.2 1 1
github.com/ethereum/go-ethereum/incentive/config.go:192.44,199.2 1 1
github.com/ethereum/go-ethereum/incentive/config.go:220.52,228.2 1 1
github.com/ethereum/go-ethereum/incentive/config.go:255.54,265.2 1 1
github.com/ethereum/go-ethereum/incentive/multi_producer.go:35.140,40.2 1 1
github.com/ethereum/go-ethereum/incentive/multi_producer.go:87.22,88.26 1 1
github.com/ethereum/go-ethereum/incentive/multi_producer.go:88.26,90.3 1 0
github.com/ethereum/go-ethereum/incentive/multi_producer.go:93.2,93.45 1 1
github.com/ethereum/go-ethereum/incentive/multi_producer.go:93.45,95.3 1 1
github.com/ethereum/go-ethereum/incentive/multi_producer.go:98.2,99.56 2 1
github.com/ethereum/go-ethereum/incentive/multi_producer.go:99.56,101.3 1 1
github.com/ethereum/go-ethereum/incentive/multi_producer.go:103.2,103.39 1 1
github.com/ethereum/go-ethereum/incentive/multi_producer.go:103.39,108.12 3 1
github.com/ethereum/go-ethereum/incentive/multi_producer.go:108.12,110.54 2 1
github.com/ethereum/go-ethereum/incentive/multi_producer.go:110.54,111.40 1 1
github.com/ethereum/go-ethereum/incentive/multi_producer.go:111.40,113.6 1 1
github.com/ethereum/go-ethereum/incentive/multi_producer.go:115.4,115.53 1 1
github.com/ethereum/go-ethereum/incentive/multi_producer.go:116.9,119.4 1 1
github.com/ethereum/go-ethereum/incentive/multi_producer.go:123.2,126.39 3 1
github.com/ethereum/go-ethereum/incentive/multi_producer.go:126.39,127.34 1 1
github.com/ethereum/go-ethereum/incentive/multi_producer.go:127.34,128.9 1 0
github.com/ethereum/go-ethereum/incentive/multi_producer.go:132.3,132.49 1 1
github.com/ethereum/go-ethereum/incentive/multi_producer.go:132.49,134.12 1 1
github.com/ethereum/go-ethereum/incentive/multi_producer.go:137.3,141.45 3 1
github.com/ethereum/go-ethereum/incentive/multi_producer.go:141.45,144.4 2 1
github.com/ethereum/go-ethereum/incentive/multi_producer.go:146.3,155.32 3 1
github.com/ethereum/go-ethereum/incentive/multi_producer.go:159.2,159.25 1 1
github.com/ethereum/go-ethereum/incentive/multi_producer.go:159.25,160.34 1 1
github.com/ethereum/go-ethereum/incentive/multi_producer.go:160.34,167.4 3 1
github.com/ethereum/go-ethereum/incentive/multi_producer.go:170.2,170.16 1 1
github.com/ethereum/go-ethereum/incentive/multi_producer.go:174.96,179.34 3 1
github.com/ethereum/go-ethereum/incentive/multi_producer.go:179.34,180.36 1 1
github.com/ethereum/go-ethereum/incentive/multi_producer.go:180.36,182.4 1 0
github.com/ethereum/go-ethereum/incentive/multi_producer.go:185.2,185.34 1 1
github.com/ethereum/go-ethereum/incentive/multi_producer.go:185.34,192.19 4 1
github.com/ethereum/go-ethereum/incentive/multi_producer.go:192.19,195.21 2 1
github.com/ethereum/go-ethereum/incentive/multi_producer.go:195.21,197.5 1 1
github.com/ethereum/go-ethereum/incentive/multi_producer.go:198.4,198.29 1 1
github.com/ethereum/go-ethereum/incentive/multi_producer.go:202.3,203.45 1 1
github.com/ethereum/go-ethereum/incentive/multi_producer.go:206.2,206.15 1 1
github.com/ethereum/go-ethereum/incentive/online_reward.go:48.78,53.2 1 1
github.com/ethereum/go-ethereum/incentive/online_reward.go:56.70,64.68 5 1
github.com/ethereum/go-ethereum/incentive/online_reward.go:64.68,66.37 1 1
github.com/ethereum/go-ethereum/incentive/online_reward.go:66.37,68.4 1 0
github.com/ethereum/go-ethereum/incentive/online_reward.go:69.3,69.31 1 1
github.com/ethereum/go-ethereum/incentive/online_reward.go:70.8,72.37 1 1
github.com/ethereum/go-ethereum/incentive/online_reward.go:72.37,74.4 1 1
github.com/ethereum/go-ethereum/incentive/online_reward.go:77.2,78.25 2 1
github.com/ethereum/go-ethereum/incentive/online_reward.go:82.79,87.9 4 1
github.com/ethereum/go-ethereum/incentive/online_reward.go:87.9,89.3 1 1
github.com/ethereum/go-ethereum/incentive/online_reward.go:92.2,92.55 1 1
github.com/ethereum/go-ethereum/incentive/online_reward.go:92.55,94.3 1 1
github.com/ethereum/go-ethereum/incentive/online_reward.go:97.2,98.20 2 1
github.com/ethereum/go-ethereum/incentive/online_reward.go:98.20,100.3 1 0
github.com/ethereum/go-ethereum/incentive/online_reward.go:102.2,103.45 2 1
github.com/ethereum/go-ethereum/incentive/online_reward.go:103.45,105.3 1 1
github.com/ethereum/go-ethereum/incentive/online_reward.go:108.2,115.14 5 1
github.com/ethereum/go-ethereum/incentive/online_reward.go:119.77,124.9 4 1
github.com/ethereum/go-ethereum/incentive/online_reward.go:124.9,126.3 1 1
github.com/ethereum/go-ethereum/incentive/online_reward.go:128.2,129.20 2 1
github.com/ethereum/go-ethereum/incentive/online_reward.go:129.20,131.3 1 1
github.com/ethereum/go-ethereum/incentive/online_reward.go:133.2,133.61 1 1
github.com/ethereum/go-ethereum/incentive/online_reward.go:137.68,142.9 4 1
github.com/ethereum/go-ethereum/incentive/online_reward.go:142.9,144.3 1 1
github.com/ethereum/go-ethereum/incentive/online_reward.go:146.2,146.72 1 1
github.com/ethereum/go-ethereum/incentive/online_reward.go:150.82,155.9 4 1
github.com/ethereum/go-ethereum/incentive/online_reward.go:155.9,157.3 1 1
github.com/ethereum/go-ethereum/incentive/online_reward.go:159.2,159.31 1 1
github.com/ethereum/go-ethereum/incentive/online_reward.go:163.83,168.9 4 1
github.com/ethereum/go-ethereum/incentive/online_reward.go:168.9,170.3 1 1
github.com/ethereum/go-ethereum/incentive/online_reward.go:172.2,172.32 1 1
github.com/ethereum/go-ethereum/incentive/online_reward.go:176.90,178.9 2 1
github.com/ethereum/go-ethereum/incentive/online_reward.go:178.9,185.3 2 1
github.com/ethereum/go-ethereum/incentive/online_reward.go:186.2,186.15 1 1
github.com/ethereum/go-ethereum/incentive/penalty.go:54.63,59.2 1 1
github.com/ethereum/go-ethereum/incentive/penalty.go:70.85,74.2 3 1
github.com/ethereum/go-ethereum/incentive/penalty.go:85.81,88.2 2 1
github.com/ethereum/go-ethereum/incentive/penalty.go:96.67,98.2 1 1
github.com/ethereum/go-ethereum/incentive/penalty.go:109.84,113.2 3 1
github.com/ethereum/go-ethereum/incentive/penalty.go:130.12,131.21 1 1
github.com/ethereum/go-ethereum/incentive/penalty.go:132.25,133.52 1 1
github.com/ethereum/go-ethereum/incentive/penalty.go:135.22,137.10 2 1
github.com/ethereum/go-ethereum/incentive/penalty.go:137.10,139.4 1 0
github.com/ethereum/go-ethereum/incentive/penalty.go:140.3,140.43 1 1
github.com/ethereum/go-ethereum/incentive/penalty.go:142.27,143.43 1 1
github.com/ethereum/go-ethereum/incentive/penalty.go:145.24,146.51 1 1
github.com/ethereum/go-ethereum/incentive/penalty.go:148.10,149.23 1 0
github.com/ethereum/go-ethereum/incentive/penalty.go:154.64,156.2 1 1
github.com/ethereum/go-ethereum/incentive/penalty.go:159.83,161.36 2 1
github.com/ethereum/go-ethereum/incentive/penalty.go:161.36,162.33 1 1
github.com/ethereum/go-ethereum/incentive/penalty.go:162.33,164.4 1 1
github.com/ethereum/go-ethereum/incentive/penalty.go:166.2,166.16 1 1
github.com/ethereum/go-ethereum/incentive/penalty.go:170.73,172.36 2 1
github.com/ethereum/go-ethereum/incentive/penalty.go:172.36,173.33 1 1
github.com/ethereum/go-ethereum/incentive/penalty.go:173.33,175.4 1 1
github.com/ethereum/go-ethereum/incentive/penalty.go:177.2,177.14 1 1
github.com/ethereum/go-ethereum/incentive/penalty.go:181.68,183.36 2 1
github.com/ethereum/go-ethereum/incentive/penalty.go:183.36,184.33 1 1
github.com/ethereum/go-ethereum/incentive/penalty.go:184.33,186.4 1 1
github.com/ethereum/go-ethereum/incentive/penalty.go:188.2,188.14 1 1
github.com/ethereum/go-ethereum/incentive/penalty.go:192.94,194.36 2 1
github.com/ethereum/go-ethereum/incentive/penalty.go:194.36,195.63 1 1
github.com/ethereum/go-ethereum/incentive/penalty.go:195.63,197.4 1 1
github.com/ethereum/go-ethereum/incentive/penalty.go:199.2,199.14 1 1
github.com/ethereum/go-ethereum/incentive/reputation.go:50.72,55.2 1 1
github.com/ethereum/go-ethereum/incentive/reputation.go:58.81,63.9 4 1
github.com/ethereum/go-ethereum/incentive/reputation.go:63.9,68.3 1 1
github.com/ethereum/go-ethereum/incentive/reputation.go:70.2,70.12 1 1
github.com/ethereum/go-ethereum/incentive/reputation.go:74.70,85.40 6 1
github.com/ethereum/go-ethereum/incentive/reputation.go:85.40,87.3 1 1
github.com/ethereum/go-ethereum/incentive/reputation.go:87.8,89.3 1 1
github.com/ethereum/go-ethereum/incentive/reputation.go:91.2,93.33 3 1
github.com/ethereum/go-ethereum/incentive/reputation.go:97.70,107.43 5 1
github.com/ethereum/go-ethereum/incentive/reputation.go:107.43,109.3 1 1
github.com/ethereum/go-ethereum/incentive/reputation.go:109.8,111.3 1 1
github.com/ethereum/go-ethereum/incentive/reputation.go:113.2,115.33 3 1
github.com/ethereum/go-ethereum/incentive/reputation.go:119.75,126.45 4 1
github.com/ethereum/go-ethereum/incentive/reputation.go:126.45,128.3 1 1
github.com/ethereum/go-ethereum/incentive/reputation.go:128.8,130.3 1 1
github.com/ethereum/go-ethereum/incentive/reputation.go:132.2,134.33 3 1
github.com/ethereum/go-ethereum/incentive/reputation.go:142.89,150.32 5 1
github.com/ethereum/go-ethereum/incentive/reputation.go:150.32,152.3 1 0
github.com/ethereum/go-ethereum/incentive/reputation.go:155.2,156.26 2 1
github.com/ethereum/go-ethereum/incentive/reputation.go:156.26,158.3 1 1
github.com/ethereum/go-ethereum/incentive/reputation.go:158.8,160.3 1 0
github.com/ethereum/go-ethereum/incentive/reputation.go:162.2,165.34 4 1
github.com/ethereum/go-ethereum/incentive/reputation.go:173.88,181.32 5 1
github.com/ethereum/go-ethereum/incentive/reputation.go:181.32,183.3 1 0
github.com/ethereum/go-ethereum/incentive/reputation.go:186.2,188.40 3 1
github.com/ethereum/go-ethereum/incentive/reputation.go:188.40,190.3 1 0
github.com/ethereum/go-ethereum/incentive/reputation.go:190.8,192.3 1 1
github.com/ethereum/go-ethereum/incentive/reputation.go:194.2,196.34 3 1
github.com/ethereum/go-ethereum/incentive/reputation.go:200.67,203.2 2 1
github.com/ethereum/go-ethereum/incentive/reputation.go:206.77,209.2 2 1
github.com/ethereum/go-ethereum/incentive/reputation.go:212.97,214.2 1 0
github.com/ethereum/go-ethereum/incentive/reputation.go:217.89,219.9 2 1
github.com/ethereum/go-ethereum/incentive/reputation.go:219.9,229.3 3 1
github.com/ethereum/go-ethereum/incentive/reputation.go:230.2,230.12 1 1
github.com/ethereum/go-ethereum/incentive/reputation.go:234.62,238.17 3 1
github.com/ethereum/go-ethereum/incentive/reputation.go:238.17,239.32 1 1
github.com/ethereum/go-ethereum/incentive/reputation.go:239.32,241.26 2 1
github.com/ethereum/go-ethereum/incentive/reputation.go:241.26,243.5 1 1
github.com/ethereum/go-ethereum/incentive/reputation.go:243.10,245.10 2 0
github.com/ethereum/go-ethereum/incentive/reputation.go:248.3,248.33 1 1
github.com/ethereum/go-ethereum/incentive/reward.go:29.66,33.2 1 1
github.com/ethereum/go-ethereum/incentive/reward.go:45.78,49.18 2 1
github.com/ethereum/go-ethereum/incentive/reward.go:49.18,52.3 1 1
github.com/ethereum/go-ethereum/incentive/reward.go:56.2,62.39 4 1
github.com/ethereum/go-ethereum/incentive/reward.go:62.39,65.3 2 1
github.com/ethereum/go-ethereum/incentive/reward.go:68.2,68.45 1 1
github.com/ethereum/go-ethereum/incentive/reward.go:68.45,70.3 1 0
github.com/ethereum/go-ethereum/incentive/reward.go:72.2,72.15 1 1
github.com/ethereum/go-ethereum/incentive/reward.go:83.98,87.2 3 1
github.com/ethereum/go-ethereum/incentive/storage.go:47.69,51.2 1 1
github.com/ethereum/go-ethereum/incentive/storage.go:54.114,72.16 4 1
github.com/ethereum/go-ethereum/incentive/storage.go:72.16,74.3 1 1
github.com/ethereum/go-ethereum/incentive/storage.go:76.2,77.12 2 0
github.com/ethereum/go-ethereum/incentive/storage.go:81.112,85.30 3 1
github.com/ethereum/go-ethereum/incentive/storage.go:85.30,87.3 1 1
github.com/ethereum/go-ethereum/incentive/storage.go:89.2,90.62 2 0
github.com/ethereum/go-ethereum/incentive/storage.go:90.62,92.3 1 0
github.com/ethereum/go-ethereum/incentive/storage.go:94.2,107.8 1 0
github.com/ethereum/go-ethereum/incentive/storage.go:111.121,126.16 4 1
github.com/ethereum/go-ethereum/incentive/storage.go:126.16,128.3 1 1
github.com/ethereum/go-ethereum/incentive/storage.go:130.2,131.12 2 0
github.com/ethereum/go-ethereum/incentive/storage.go:135.116,139.30 3 1
github.com/ethereum/go-ethereum/incentive/storage.go:139.30,141.3 1 1
github.com/ethereum/go-ethereum/incentive/storage.go:143.2,144.62 2 0
github.com/ethereum/go-ethereum/incentive/storage.go:144.62,146.3 1 0
github.com/ethereum/go-ethereum/incentive/storage.go:148.2,158.8 1 0
github.com/ethereum/go-ethereum/incentive/storage.go:162.98,177.16 5 1
github.com/ethereum/go-ethereum/incentive/storage.go:177.16,179.3 1 1
github.com/ethereum/go-ethereum/incentive/storage.go:181.2,182.12 2 0
github.com/ethereum/go-ethereum/incentive/storage.go:186.120,199.16 4 1
github.com/ethereum/go-ethereum/incentive/storage.go:199.16,201.3 1 0
github.com/ethereum/go-ethereum/incentive/storage.go:203.2,204.12 2 1
github.com/ethereum/go-ethereum/incentive/storage.go:208.114,212.30 3 1
github.com/ethereum/go-ethereum/incentive/storage.go:212.30,214.3 1 1
github.com/ethereum/go-ethereum/incentive/storage.go:216.2,217.62 2 1
github.com/ethereum/go-ethereum/incentive/storage.go:217.62,219.3 1 1
github.com/ethereum/go-ethereum/incentive/storage.go:221.2,228.8 1 0
github.com/ethereum/go-ethereum/incentive/storage.go:232.75,235.2 2 1
github.com/ethereum/go-ethereum/incentive/storage.go:238.60,242.2 3 1
github.com/ethereum/go-ethereum/incentive/storage.go:245.62,247.65 2 1
github.com/ethereum/go-ethereum/incentive/storage.go:247.65,249.3 1 0
github.com/ethereum/go-ethereum/incentive/storage.go:250.2,250.20 1 1
github.com/ethereum/go-ethereum/incentive/storage.go:254.60,257.65 3 1
github.com/ethereum/go-ethereum/incentive/storage.go:257.65,259.3 1 0
github.com/ethereum/go-ethereum/incentive/storage.go:260.2,260.12 1 1
